<?xml version="1.0" encoding="UTF-8"?>
<robot generator="Robot 6.0.2 (Python 3.13.2 on win32)" generated="20250530 13:08:34.649" rpa="false" schemaversion="3">
<suite id="s1" name="Verify my account functionality" source="E:\RUA\junior_automation_tester\3_RobotFramework\RobotFramework\Tests\nopCommerce\FunctionalTestSuite\Verify_my_account_functionality.robot">
<test id="s1-t1" name="Verify that user can update their information" line="25">
<kw name="Start TestCase" library="CommonPageObject" type="SETUP">
<kw name="Open Browser" library="SeleniumLibrary">
<arg>${url}</arg>
<arg>${browser}</arg>
<doc>Opens a new browser instance to the optional ``url``.</doc>
<msg timestamp="20250530 13:08:34.879" level="INFO">Opening browser 'chrome' to base url 'http://demo.nopcommerce/'.</msg>
<status status="PASS" starttime="20250530 13:08:34.879" endtime="20250530 13:08:36.525"/>
</kw>
<kw name="Maximize Browser Window" library="SeleniumLibrary">
<doc>Maximizes current browser window.</doc>
<status status="PASS" starttime="20250530 13:08:36.525" endtime="20250530 13:08:36.555"/>
</kw>
<status status="PASS" starttime="20250530 13:08:34.878" endtime="20250530 13:08:36.556"/>
</kw>
<kw name="Register" library="RegisterPageObject">
<arg>${FIRST_NAME}</arg>
<arg>${LAST_NAME}</arg>
<arg>${PASSWORD}</arg>
<arg>${CONFIRM_PASSWORD}</arg>
<arg>${SUCCESS_REGISTER_TEXT}</arg>
<kw name="Start TestCase" library="CommonPageObject">
<kw name="Open Browser" library="SeleniumLibrary">
<arg>${url}</arg>
<arg>${browser}</arg>
<doc>Opens a new browser instance to the optional ``url``.</doc>
<msg timestamp="20250530 13:08:36.559" level="INFO">Opening browser 'chrome' to base url 'http://demo.nopcommerce/'.</msg>
<status status="PASS" starttime="20250530 13:08:36.558" endtime="20250530 13:08:38.196"/>
</kw>
<kw name="Maximize Browser Window" library="SeleniumLibrary">
<doc>Maximizes current browser window.</doc>
<status status="PASS" starttime="20250530 13:08:38.196" endtime="20250530 13:08:38.226"/>
</kw>
<status status="PASS" starttime="20250530 13:08:36.557" endtime="20250530 13:08:38.226"/>
</kw>
<kw name="Generate random email" library="CommonPageObject">
<var>${VALID_EMAIL}</var>
<kw name="Evaluate" library="BuiltIn">
<var>${RANDOM_NUMBER}</var>
<arg>random.randint(1000, 9999)</arg>
<arg>modules=random</arg>
<doc>Evaluates the given expression in Python and returns the result.</doc>
<msg timestamp="20250530 13:08:38.229" level="INFO">${RANDOM_NUMBER} = 7092</msg>
<status status="PASS" starttime="20250530 13:08:38.227" endtime="20250530 13:08:38.229"/>
</kw>
<kw name="Set Variable" library="BuiltIn">
<var>${VALID_EMAIL}</var>
<arg>duongnhu${RANDOM_NUMBER}@gmail.com</arg>
<doc>Returns the given values which can then be assigned to a variables.</doc>
<msg timestamp="20250530 13:08:38.230" level="INFO">${VALID_EMAIL} = duongnhu7092@gmail.com</msg>
<status status="PASS" starttime="20250530 13:08:38.229" endtime="20250530 13:08:38.230"/>
</kw>
<msg timestamp="20250530 13:08:38.230" level="INFO">${VALID_EMAIL} = duongnhu7092@gmail.com</msg>
<status status="PASS" starttime="20250530 13:08:38.227" endtime="20250530 13:08:38.230"/>
</kw>
<kw name="Click register link" library="HeaderPageObject">
<kw name="Click Element" library="SeleniumLibrary">
<arg>${REGISTER_LINK}</arg>
<doc>Click the element identified by ``locator``.</doc>
<msg timestamp="20250530 13:08:38.233" level="INFO">Clicking element 'class:ico-register'.</msg>
<status status="PASS" starttime="20250530 13:08:38.231" endtime="20250530 13:08:38.421"/>
</kw>
<status status="PASS" starttime="20250530 13:08:38.230" endtime="20250530 13:08:38.421"/>
</kw>
<kw name="Fill in all required fields" library="RegisterPageObject">
<arg>${FIRST_NAME}</arg>
<arg>${LAST_NAME}</arg>
<arg>${VALID_EMAIL}</arg>
<arg>${PASSWORD}</arg>
<arg>${CONFIRM_PASSWORD}</arg>
<kw name="Create Dictionary" library="BuiltIn">
<var>${LIST_DATA}</var>
<arg>${FIRST_NAME_TEXTBOX_LOCATOR}=${FIRST_NAME}</arg>
<arg>${LAST_NAME_TEXTBOX_LOCATOR}=${LAST_NAME}</arg>
<arg>${EMAIL_TEXTBOX_LOCATOR}=${EMAIL_DATA}</arg>
<arg>${PASSWORD_TEXTBOX_LOCATOR}=${PASSWORD}</arg>
<arg>${CONFIRM_PASSWORD_TEXTBOX_LOCATOR}=${CONFIRM_PASSWORD}</arg>
<doc>Creates and returns a dictionary based on the given ``items``.</doc>
<msg timestamp="20250530 13:08:38.423" level="INFO">${LIST_DATA} = {"xpath=//input[@id='FirstName']": 'Nhu', "xpath=//input[@id='LastName']": 'Duong', "xpath=//input[@id='Email']": 'duongnhu7092@gmail.com', "xpath=//input[@id='Password']": '12345678@', "xpath=//input...</msg>
<status status="PASS" starttime="20250530 13:08:38.422" endtime="20250530 13:08:38.423"/>
</kw>
<for flavor="IN">
<var>${TEXTBOX_FIELD}</var>
<var>${VALUE}</var>
<value>&amp;{LIST_DATA}</value>
<iter>
<var name="${TEXTBOX_FIELD}">xpath=//input[@id='FirstName']</var>
<var name="${VALUE}">Nhu</var>
<kw name="Input Text" library="SeleniumLibrary">
<arg>${TEXTBOX_FIELD}</arg>
<arg>${VALUE}</arg>
<doc>Types the given ``text`` into the text field identified by ``locator``.</doc>
<msg timestamp="20250530 13:08:38.424" level="INFO">Typing text 'Nhu' into text field 'xpath=//input[@id='FirstName']'.</msg>
<status status="PASS" starttime="20250530 13:08:38.424" endtime="20250530 13:08:38.497"/>
</kw>
<status status="PASS" starttime="20250530 13:08:38.423" endtime="20250530 13:08:38.497"/>
</iter>
<iter>
<var name="${TEXTBOX_FIELD}">xpath=//input[@id='LastName']</var>
<var name="${VALUE}">Duong</var>
<kw name="Input Text" library="SeleniumLibrary">
<arg>${TEXTBOX_FIELD}</arg>
<arg>${VALUE}</arg>
<doc>Types the given ``text`` into the text field identified by ``locator``.</doc>
<msg timestamp="20250530 13:08:38.497" level="INFO">Typing text 'Duong' into text field 'xpath=//input[@id='LastName']'.</msg>
<status status="PASS" starttime="20250530 13:08:38.497" endtime="20250530 13:08:38.555"/>
</kw>
<status status="PASS" starttime="20250530 13:08:38.497" endtime="20250530 13:08:38.555"/>
</iter>
<iter>
<var name="${TEXTBOX_FIELD}">xpath=//input[@id='Email']</var>
<var name="${VALUE}">duongnhu7092@gmail.com</var>
<kw name="Input Text" library="SeleniumLibrary">
<arg>${TEXTBOX_FIELD}</arg>
<arg>${VALUE}</arg>
<doc>Types the given ``text`` into the text field identified by ``locator``.</doc>
<msg timestamp="20250530 13:08:38.555" level="INFO">Typing text 'duongnhu7092@gmail.com' into text field 'xpath=//input[@id='Email']'.</msg>
<status status="PASS" starttime="20250530 13:08:38.555" endtime="20250530 13:08:38.624"/>
</kw>
<status status="PASS" starttime="20250530 13:08:38.555" endtime="20250530 13:08:38.624"/>
</iter>
<iter>
<var name="${TEXTBOX_FIELD}">xpath=//input[@id='Password']</var>
<var name="${VALUE}">12345678@</var>
<kw name="Input Text" library="SeleniumLibrary">
<arg>${TEXTBOX_FIELD}</arg>
<arg>${VALUE}</arg>
<doc>Types the given ``text`` into the text field identified by ``locator``.</doc>
<msg timestamp="20250530 13:08:38.625" level="INFO">Typing text '12345678@' into text field 'xpath=//input[@id='Password']'.</msg>
<status status="PASS" starttime="20250530 13:08:38.624" endtime="20250530 13:08:38.689"/>
</kw>
<status status="PASS" starttime="20250530 13:08:38.624" endtime="20250530 13:08:38.689"/>
</iter>
<iter>
<var name="${TEXTBOX_FIELD}">xpath=//input[@id='ConfirmPassword']</var>
<var name="${VALUE}">12345678@</var>
<kw name="Input Text" library="SeleniumLibrary">
<arg>${TEXTBOX_FIELD}</arg>
<arg>${VALUE}</arg>
<doc>Types the given ``text`` into the text field identified by ``locator``.</doc>
<msg timestamp="20250530 13:08:38.690" level="INFO">Typing text '12345678@' into text field 'xpath=//input[@id='ConfirmPassword']'.</msg>
<status status="PASS" starttime="20250530 13:08:38.690" endtime="20250530 13:08:38.744"/>
</kw>
<status status="PASS" starttime="20250530 13:08:38.690" endtime="20250530 13:08:38.744"/>
</iter>
<status status="PASS" starttime="20250530 13:08:38.423" endtime="20250530 13:08:38.744"/>
</for>
<status status="PASS" starttime="20250530 13:08:38.421" endtime="20250530 13:08:38.744"/>
</kw>
<kw name="Click register button" library="RegisterPageObject">
<kw name="Click Element" library="SeleniumLibrary">
<arg>${REGISTER_BUTTON_LOCATOR}</arg>
<doc>Click the element identified by ``locator``.</doc>
<msg timestamp="20250530 13:08:38.745" level="INFO">Clicking element 'name:register-button'.</msg>
<status status="PASS" starttime="20250530 13:08:38.745" endtime="20250530 13:08:38.791"/>
</kw>
<status status="PASS" starttime="20250530 13:08:38.744" endtime="20250530 13:08:38.792"/>
</kw>
<kw name="Verify success message with valid data" library="RegisterPageObject">
<arg>${SUCCESS_REGISTER_TEXT}</arg>
<kw name="Wait Until Element Is Visible" library="SeleniumLibrary">
<arg>${SUCCESS_REGISTER_TEXT_LOCATOR}</arg>
<arg>timeout=2s</arg>
<doc>Waits until the element ``locator`` is visible.</doc>
<status status="PASS" starttime="20250530 13:08:38.792" endtime="20250530 13:08:39.129"/>
</kw>
<kw name="Get Text" library="SeleniumLibrary">
<var>${ACTUAL_TEXT}</var>
<arg>${SUCCESS_REGISTER_TEXT_LOCATOR}</arg>
<doc>Returns the text value of the element identified by ``locator``.</doc>
<msg timestamp="20250530 13:08:39.143" level="INFO">${ACTUAL_TEXT} = Your registration completed</msg>
<status status="PASS" starttime="20250530 13:08:39.130" endtime="20250530 13:08:39.143"/>
</kw>
<kw name="Evaluate" library="BuiltIn">
<var>${EXPECTED_TEXT}</var>
<arg>"${SUCCESS_REGISTER_MESSAGE}".strip()</arg>
<doc>Evaluates the given expression in Python and returns the result.</doc>
<msg timestamp="20250530 13:08:39.143" level="INFO">${EXPECTED_TEXT} = Your registration completed</msg>
<status status="PASS" starttime="20250530 13:08:39.143" endtime="20250530 13:08:39.143"/>
</kw>
<kw name="Should Be Equal As Strings" library="BuiltIn">
<arg>${ACTUAL_TEXT}</arg>
<arg>${EXPECTED_TEXT}</arg>
<doc>Fails if objects are unequal after converting them to strings.</doc>
<status status="PASS" starttime="20250530 13:08:39.143" endtime="20250530 13:08:39.144"/>
</kw>
<status status="PASS" starttime="20250530 13:08:38.792" endtime="20250530 13:08:39.144"/>
</kw>
<status status="PASS" starttime="20250530 13:08:36.556" endtime="20250530 13:08:39.144"/>
</kw>
<kw name="Generate random email" library="CommonPageObject">
<var>${VALID_EMAIL}</var>
<kw name="Evaluate" library="BuiltIn">
<var>${RANDOM_NUMBER}</var>
<arg>random.randint(1000, 9999)</arg>
<arg>modules=random</arg>
<doc>Evaluates the given expression in Python and returns the result.</doc>
<msg timestamp="20250530 13:08:39.144" level="INFO">${RANDOM_NUMBER} = 7871</msg>
<status status="PASS" starttime="20250530 13:08:39.144" endtime="20250530 13:08:39.144"/>
</kw>
<kw name="Set Variable" library="BuiltIn">
<var>${VALID_EMAIL}</var>
<arg>duongnhu${RANDOM_NUMBER}@gmail.com</arg>
<doc>Returns the given values which can then be assigned to a variables.</doc>
<msg timestamp="20250530 13:08:39.145" level="INFO">${VALID_EMAIL} = duongnhu7871@gmail.com</msg>
<status status="PASS" starttime="20250530 13:08:39.145" endtime="20250530 13:08:39.145"/>
</kw>
<msg timestamp="20250530 13:08:39.145" level="INFO">${VALID_EMAIL} = duongnhu7871@gmail.com</msg>
<status status="PASS" starttime="20250530 13:08:39.144" endtime="20250530 13:08:39.145"/>
</kw>
<kw name="Click my account link" library="HeaderPageObject">
<kw name="Click Element" library="SeleniumLibrary">
<arg>${MY_ACCOUNT_LINK}</arg>
<doc>Click the element identified by ``locator``.</doc>
<msg timestamp="20250530 13:08:39.145" level="INFO">Clicking element 'class:ico-account'.</msg>
<status status="PASS" starttime="20250530 13:08:39.145" endtime="20250530 13:08:39.276"/>
</kw>
<status status="PASS" starttime="20250530 13:08:39.145" endtime="20250530 13:08:39.276"/>
</kw>
<kw name="Click customer info link" library="MyAcountSideBarPageObject">
<kw name="Click Element" library="SeleniumLibrary">
<arg>${CUSTOMER_INFO_LINK}</arg>
<doc>Click the element identified by ``locator``.</doc>
<msg timestamp="20250530 13:08:39.277" level="INFO">Clicking element 'xpath=//li[contains(@class, 'customer-info')]/a'.</msg>
<status status="PASS" starttime="20250530 13:08:39.276" endtime="20250530 13:08:39.398"/>
</kw>
<status status="PASS" starttime="20250530 13:08:39.276" endtime="20250530 13:08:39.398"/>
</kw>
<kw name="Input customer information" library="CustomerInfoPageObject">
<arg>${FIRST_NAME_UPDATE}</arg>
<arg>${LAST_NAME_UPDATE}</arg>
<arg>${VALID_EMAIL}</arg>
<arg>${COMPANY_UPDATE}</arg>
<kw name="Click Element" library="SeleniumLibrary">
<arg>${GENDER_RADIO_LOCATOR }</arg>
<doc>Click the element identified by ``locator``.</doc>
<msg timestamp="20250530 13:08:39.400" level="INFO">Clicking element 'xpath=//span[@class='female']'.</msg>
<status status="PASS" starttime="20250530 13:08:39.399" endtime="20250530 13:08:39.446"/>
</kw>
<kw name="Create Dictionary" library="BuiltIn">
<var>${LIST_DATA}</var>
<arg>${FIRST_NAME_TEXTBOX_LOCATOR}=${FIRST_NAME}</arg>
<arg>${LAST_NAME_TEXTBOX_LOCATOR}=${LAST_NAME}</arg>
<arg>${EMAIL_TEXTBOX_LOCATOR}=${EMAIL}</arg>
<arg>${COMPANY_TEXTBOX_LOCATOR}=${COMPANY}</arg>
<doc>Creates and returns a dictionary based on the given ``items``.</doc>
<msg timestamp="20250530 13:08:39.447" level="INFO">${LIST_DATA} = {"xpath=//input[@id='FirstName']": 'Phan', "xpath=//input[@id='LastName']": 'Hoa', "xpath=//input[@id='Email']": 'duongnhu7871@gmail.com', "xpath=//input[@id='Company']": 'BT Entertainment'}</msg>
<status status="PASS" starttime="20250530 13:08:39.447" endtime="20250530 13:08:39.447"/>
</kw>
<for flavor="IN">
<var>${TEXTBOX_FIELD}</var>
<var>${VALUE}</var>
<value>&amp;{LIST_DATA}</value>
<iter>
<var name="${TEXTBOX_FIELD}">xpath=//input[@id='FirstName']</var>
<var name="${VALUE}">Phan</var>
<kw name="Input Text" library="SeleniumLibrary">
<arg>${TEXTBOX_FIELD}</arg>
<arg>${VALUE}</arg>
<doc>Types the given ``text`` into the text field identified by ``locator``.</doc>
<msg timestamp="20250530 13:08:39.448" level="INFO">Typing text 'Phan' into text field 'xpath=//input[@id='FirstName']'.</msg>
<status status="PASS" starttime="20250530 13:08:39.447" endtime="20250530 13:08:39.501"/>
</kw>
<status status="PASS" starttime="20250530 13:08:39.447" endtime="20250530 13:08:39.501"/>
</iter>
<iter>
<var name="${TEXTBOX_FIELD}">xpath=//input[@id='LastName']</var>
<var name="${VALUE}">Hoa</var>
<kw name="Input Text" library="SeleniumLibrary">
<arg>${TEXTBOX_FIELD}</arg>
<arg>${VALUE}</arg>
<doc>Types the given ``text`` into the text field identified by ``locator``.</doc>
<msg timestamp="20250530 13:08:39.502" level="INFO">Typing text 'Hoa' into text field 'xpath=//input[@id='LastName']'.</msg>
<status status="PASS" starttime="20250530 13:08:39.501" endtime="20250530 13:08:39.555"/>
</kw>
<status status="PASS" starttime="20250530 13:08:39.501" endtime="20250530 13:08:39.555"/>
</iter>
<iter>
<var name="${TEXTBOX_FIELD}">xpath=//input[@id='Email']</var>
<var name="${VALUE}">duongnhu7871@gmail.com</var>
<kw name="Input Text" library="SeleniumLibrary">
<arg>${TEXTBOX_FIELD}</arg>
<arg>${VALUE}</arg>
<doc>Types the given ``text`` into the text field identified by ``locator``.</doc>
<msg timestamp="20250530 13:08:39.556" level="INFO">Typing text 'duongnhu7871@gmail.com' into text field 'xpath=//input[@id='Email']'.</msg>
<status status="PASS" starttime="20250530 13:08:39.556" endtime="20250530 13:08:39.619"/>
</kw>
<status status="PASS" starttime="20250530 13:08:39.555" endtime="20250530 13:08:39.619"/>
</iter>
<iter>
<var name="${TEXTBOX_FIELD}">xpath=//input[@id='Company']</var>
<var name="${VALUE}">BT Entertainment</var>
<kw name="Input Text" library="SeleniumLibrary">
<arg>${TEXTBOX_FIELD}</arg>
<arg>${VALUE}</arg>
<doc>Types the given ``text`` into the text field identified by ``locator``.</doc>
<msg timestamp="20250530 13:08:39.619" level="INFO">Typing text 'BT Entertainment' into text field 'xpath=//input[@id='Company']'.</msg>
<status status="PASS" starttime="20250530 13:08:39.619" endtime="20250530 13:08:39.677"/>
</kw>
<status status="PASS" starttime="20250530 13:08:39.619" endtime="20250530 13:08:39.677"/>
</iter>
<status status="PASS" starttime="20250530 13:08:39.447" endtime="20250530 13:08:39.677"/>
</for>
<status status="PASS" starttime="20250530 13:08:39.399" endtime="20250530 13:08:39.677"/>
</kw>
<kw name="Click save button" library="CustomerInfoPageObject">
<kw name="Click Element" library="SeleniumLibrary">
<arg>${SAVE_BUTTON_INFO}</arg>
<doc>Click the element identified by ``locator``.</doc>
<msg timestamp="20250530 13:08:39.678" level="INFO">Clicking element 'xpath=//button[@id='save-info-button']'.</msg>
<status status="PASS" starttime="20250530 13:08:39.678" endtime="20250530 13:08:39.804"/>
</kw>
<status status="PASS" starttime="20250530 13:08:39.678" endtime="20250530 13:08:39.804"/>
</kw>
<kw name="Verify updated information is successfully saved" library="CustomerInfoPageObject">
<arg>${GENDER_UPDATE}</arg>
<arg>${FIRST_NAME_UPDATE}</arg>
<arg>${LAST_NAME_UPDATE}</arg>
<arg>${VALID_EMAIL}</arg>
<arg>${COMPANY_UPDATE}</arg>
<kw name="Get Text" library="SeleniumLibrary">
<var>${ACTUAL_TEXT}</var>
<arg>${GENDER_RADIO_LOCATOR}</arg>
<doc>Returns the text value of the element identified by ``locator``.</doc>
<msg timestamp="20250530 13:08:39.864" level="INFO">${ACTUAL_TEXT} = Female</msg>
<status status="PASS" starttime="20250530 13:08:39.805" endtime="20250530 13:08:39.864"/>
</kw>
<kw name="Evaluate" library="BuiltIn">
<var>${EXPECTED_TEXT}</var>
<arg>"${GENDER}".strip()</arg>
<doc>Evaluates the given expression in Python and returns the result.</doc>
<msg timestamp="20250530 13:08:39.864" level="INFO">${EXPECTED_TEXT} = Female</msg>
<status status="PASS" starttime="20250530 13:08:39.864" endtime="20250530 13:08:39.864"/>
</kw>
<kw name="Should Be Equal As Strings" library="BuiltIn">
<arg>${ACTUAL_TEXT}</arg>
<arg>${EXPECTED_TEXT}</arg>
<doc>Fails if objects are unequal after converting them to strings.</doc>
<status status="PASS" starttime="20250530 13:08:39.864" endtime="20250530 13:08:39.865"/>
</kw>
<kw name="Create Dictionary" library="BuiltIn">
<var>${LIST_DATA}</var>
<arg>${FIRST_NAME_TEXTBOX_LOCATOR}=${FIRST_NAME}</arg>
<arg>${LAST_NAME_TEXTBOX_LOCATOR}=${LAST_NAME}</arg>
<arg>${EMAIL_TEXTBOX_LOCATOR}=${EMAIL}</arg>
<arg>${COMPANY_TEXTBOX_LOCATOR}=${COMPANY}</arg>
<doc>Creates and returns a dictionary based on the given ``items``.</doc>
<msg timestamp="20250530 13:08:39.865" level="INFO">${LIST_DATA} = {"xpath=//input[@id='FirstName']": 'Phan', "xpath=//input[@id='LastName']": 'Hoa', "xpath=//input[@id='Email']": 'duongnhu7871@gmail.com', "xpath=//input[@id='Company']": 'BT Entertainment'}</msg>
<status status="PASS" starttime="20250530 13:08:39.865" endtime="20250530 13:08:39.865"/>
</kw>
<for flavor="IN">
<var>${LOCATOR}</var>
<var>${EXPECTED_TEXT}</var>
<value>&amp;{LIST_DATA}</value>
<iter>
<var name="${LOCATOR}">xpath=//input[@id='FirstName']</var>
<var name="${EXPECTED_TEXT}">Phan</var>
<kw name="Get Element Attribute" library="SeleniumLibrary">
<var>${ACTUAL_TEXT}</var>
<arg>${LOCATOR}</arg>
<arg>value</arg>
<doc>Returns the value of ``attribute`` from the element ``locator``.</doc>
<msg timestamp="20250530 13:08:39.884" level="INFO">${ACTUAL_TEXT} = Phan</msg>
<status status="PASS" starttime="20250530 13:08:39.865" endtime="20250530 13:08:39.884"/>
</kw>
<kw name="Evaluate" library="BuiltIn">
<var>${EXPECTED_TEXT}</var>
<arg>"${EXPECTED_TEXT}".strip()</arg>
<doc>Evaluates the given expression in Python and returns the result.</doc>
<msg timestamp="20250530 13:08:39.884" level="INFO">${EXPECTED_TEXT} = Phan</msg>
<status status="PASS" starttime="20250530 13:08:39.884" endtime="20250530 13:08:39.884"/>
</kw>
<kw name="Should Be Equal As Strings" library="BuiltIn">
<arg>${ACTUAL_TEXT}</arg>
<arg>${EXPECTED_TEXT}</arg>
<doc>Fails if objects are unequal after converting them to strings.</doc>
<status status="PASS" starttime="20250530 13:08:39.884" endtime="20250530 13:08:39.885"/>
</kw>
<status status="PASS" starttime="20250530 13:08:39.865" endtime="20250530 13:08:39.885"/>
</iter>
<iter>
<var name="${LOCATOR}">xpath=//input[@id='LastName']</var>
<var name="${EXPECTED_TEXT}">Hoa</var>
<kw name="Get Element Attribute" library="SeleniumLibrary">
<var>${ACTUAL_TEXT}</var>
<arg>${LOCATOR}</arg>
<arg>value</arg>
<doc>Returns the value of ``attribute`` from the element ``locator``.</doc>
<msg timestamp="20250530 13:08:39.898" level="INFO">${ACTUAL_TEXT} = Hoa</msg>
<status status="PASS" starttime="20250530 13:08:39.885" endtime="20250530 13:08:39.898"/>
</kw>
<kw name="Evaluate" library="BuiltIn">
<var>${EXPECTED_TEXT}</var>
<arg>"${EXPECTED_TEXT}".strip()</arg>
<doc>Evaluates the given expression in Python and returns the result.</doc>
<msg timestamp="20250530 13:08:39.898" level="INFO">${EXPECTED_TEXT} = Hoa</msg>
<status status="PASS" starttime="20250530 13:08:39.898" endtime="20250530 13:08:39.898"/>
</kw>
<kw name="Should Be Equal As Strings" library="BuiltIn">
<arg>${ACTUAL_TEXT}</arg>
<arg>${EXPECTED_TEXT}</arg>
<doc>Fails if objects are unequal after converting them to strings.</doc>
<status status="PASS" starttime="20250530 13:08:39.898" endtime="20250530 13:08:39.899"/>
</kw>
<status status="PASS" starttime="20250530 13:08:39.885" endtime="20250530 13:08:39.899"/>
</iter>
<iter>
<var name="${LOCATOR}">xpath=//input[@id='Email']</var>
<var name="${EXPECTED_TEXT}">duongnhu7871@gmail.com</var>
<kw name="Get Element Attribute" library="SeleniumLibrary">
<var>${ACTUAL_TEXT}</var>
<arg>${LOCATOR}</arg>
<arg>value</arg>
<doc>Returns the value of ``attribute`` from the element ``locator``.</doc>
<msg timestamp="20250530 13:08:39.909" level="INFO">${ACTUAL_TEXT} = duongnhu7871@gmail.com</msg>
<status status="PASS" starttime="20250530 13:08:39.899" endtime="20250530 13:08:39.909"/>
</kw>
<kw name="Evaluate" library="BuiltIn">
<var>${EXPECTED_TEXT}</var>
<arg>"${EXPECTED_TEXT}".strip()</arg>
<doc>Evaluates the given expression in Python and returns the result.</doc>
<msg timestamp="20250530 13:08:39.910" level="INFO">${EXPECTED_TEXT} = duongnhu7871@gmail.com</msg>
<status status="PASS" starttime="20250530 13:08:39.909" endtime="20250530 13:08:39.910"/>
</kw>
<kw name="Should Be Equal As Strings" library="BuiltIn">
<arg>${ACTUAL_TEXT}</arg>
<arg>${EXPECTED_TEXT}</arg>
<doc>Fails if objects are unequal after converting them to strings.</doc>
<status status="PASS" starttime="20250530 13:08:39.910" endtime="20250530 13:08:39.910"/>
</kw>
<status status="PASS" starttime="20250530 13:08:39.899" endtime="20250530 13:08:39.910"/>
</iter>
<iter>
<var name="${LOCATOR}">xpath=//input[@id='Company']</var>
<var name="${EXPECTED_TEXT}">BT Entertainment</var>
<kw name="Get Element Attribute" library="SeleniumLibrary">
<var>${ACTUAL_TEXT}</var>
<arg>${LOCATOR}</arg>
<arg>value</arg>
<doc>Returns the value of ``attribute`` from the element ``locator``.</doc>
<msg timestamp="20250530 13:08:39.923" level="INFO">${ACTUAL_TEXT} = BT Entertainment</msg>
<status status="PASS" starttime="20250530 13:08:39.910" endtime="20250530 13:08:39.923"/>
</kw>
<kw name="Evaluate" library="BuiltIn">
<var>${EXPECTED_TEXT}</var>
<arg>"${EXPECTED_TEXT}".strip()</arg>
<doc>Evaluates the given expression in Python and returns the result.</doc>
<msg timestamp="20250530 13:08:39.924" level="INFO">${EXPECTED_TEXT} = BT Entertainment</msg>
<status status="PASS" starttime="20250530 13:08:39.924" endtime="20250530 13:08:39.924"/>
</kw>
<kw name="Should Be Equal As Strings" library="BuiltIn">
<arg>${ACTUAL_TEXT}</arg>
<arg>${EXPECTED_TEXT}</arg>
<doc>Fails if objects are unequal after converting them to strings.</doc>
<status status="PASS" starttime="20250530 13:08:39.924" endtime="20250530 13:08:39.924"/>
</kw>
<status status="PASS" starttime="20250530 13:08:39.910" endtime="20250530 13:08:39.924"/>
</iter>
<status status="PASS" starttime="20250530 13:08:39.865" endtime="20250530 13:08:39.924"/>
</for>
<status status="PASS" starttime="20250530 13:08:39.804" endtime="20250530 13:08:39.924"/>
</kw>
<kw name="Finish TestCase" library="CommonPageObject" type="TEARDOWN">
<kw name="Close Browser" library="SeleniumLibrary">
<doc>Closes the current browser.</doc>
<status status="PASS" starttime="20250530 13:08:39.925" endtime="20250530 13:08:42.037"/>
</kw>
<status status="PASS" starttime="20250530 13:08:39.924" endtime="20250530 13:08:42.038"/>
</kw>
<doc>This test case verifies that update infomation of customer</doc>
<tag>Functional</tag>
<status status="PASS" starttime="20250530 13:08:34.878" endtime="20250530 13:08:42.039"/>
</test>
<test id="s1-t2" name="Verify that user can add a new address" line="39">
<kw name="Start TestCase" library="CommonPageObject" type="SETUP">
<kw name="Open Browser" library="SeleniumLibrary">
<arg>${url}</arg>
<arg>${browser}</arg>
<doc>Opens a new browser instance to the optional ``url``.</doc>
<msg timestamp="20250530 13:08:42.045" level="INFO">Opening browser 'chrome' to base url 'http://demo.nopcommerce/'.</msg>
<status status="PASS" starttime="20250530 13:08:42.043" endtime="20250530 13:08:43.656"/>
</kw>
<kw name="Maximize Browser Window" library="SeleniumLibrary">
<doc>Maximizes current browser window.</doc>
<status status="PASS" starttime="20250530 13:08:43.656" endtime="20250530 13:08:43.685"/>
</kw>
<status status="PASS" starttime="20250530 13:08:42.043" endtime="20250530 13:08:43.685"/>
</kw>
<kw name="Register" library="RegisterPageObject">
<arg>${FIRST_NAME}</arg>
<arg>${LAST_NAME}</arg>
<arg>${PASSWORD}</arg>
<arg>${CONFIRM_PASSWORD}</arg>
<arg>${SUCCESS_REGISTER_TEXT}</arg>
<kw name="Start TestCase" library="CommonPageObject">
<kw name="Open Browser" library="SeleniumLibrary">
<arg>${url}</arg>
<arg>${browser}</arg>
<doc>Opens a new browser instance to the optional ``url``.</doc>
<msg timestamp="20250530 13:08:43.687" level="INFO">Opening browser 'chrome' to base url 'http://demo.nopcommerce/'.</msg>
<status status="PASS" starttime="20250530 13:08:43.687" endtime="20250530 13:08:45.329"/>
</kw>
<kw name="Maximize Browser Window" library="SeleniumLibrary">
<doc>Maximizes current browser window.</doc>
<status status="PASS" starttime="20250530 13:08:45.329" endtime="20250530 13:08:45.367"/>
</kw>
<status status="PASS" starttime="20250530 13:08:43.686" endtime="20250530 13:08:45.367"/>
</kw>
<kw name="Generate random email" library="CommonPageObject">
<var>${VALID_EMAIL}</var>
<kw name="Evaluate" library="BuiltIn">
<var>${RANDOM_NUMBER}</var>
<arg>random.randint(1000, 9999)</arg>
<arg>modules=random</arg>
<doc>Evaluates the given expression in Python and returns the result.</doc>
<msg timestamp="20250530 13:08:45.368" level="INFO">${RANDOM_NUMBER} = 6668</msg>
<status status="PASS" starttime="20250530 13:08:45.368" endtime="20250530 13:08:45.368"/>
</kw>
<kw name="Set Variable" library="BuiltIn">
<var>${VALID_EMAIL}</var>
<arg>duongnhu${RANDOM_NUMBER}@gmail.com</arg>
<doc>Returns the given values which can then be assigned to a variables.</doc>
<msg timestamp="20250530 13:08:45.369" level="INFO">${VALID_EMAIL} = duongnhu6668@gmail.com</msg>
<status status="PASS" starttime="20250530 13:08:45.369" endtime="20250530 13:08:45.369"/>
</kw>
<msg timestamp="20250530 13:08:45.369" level="INFO">${VALID_EMAIL} = duongnhu6668@gmail.com</msg>
<status status="PASS" starttime="20250530 13:08:45.368" endtime="20250530 13:08:45.369"/>
</kw>
<kw name="Click register link" library="HeaderPageObject">
<kw name="Click Element" library="SeleniumLibrary">
<arg>${REGISTER_LINK}</arg>
<doc>Click the element identified by ``locator``.</doc>
<msg timestamp="20250530 13:08:45.370" level="INFO">Clicking element 'class:ico-register'.</msg>
<status status="PASS" starttime="20250530 13:08:45.369" endtime="20250530 13:08:45.575"/>
</kw>
<status status="PASS" starttime="20250530 13:08:45.369" endtime="20250530 13:08:45.575"/>
</kw>
<kw name="Fill in all required fields" library="RegisterPageObject">
<arg>${FIRST_NAME}</arg>
<arg>${LAST_NAME}</arg>
<arg>${VALID_EMAIL}</arg>
<arg>${PASSWORD}</arg>
<arg>${CONFIRM_PASSWORD}</arg>
<kw name="Create Dictionary" library="BuiltIn">
<var>${LIST_DATA}</var>
<arg>${FIRST_NAME_TEXTBOX_LOCATOR}=${FIRST_NAME}</arg>
<arg>${LAST_NAME_TEXTBOX_LOCATOR}=${LAST_NAME}</arg>
<arg>${EMAIL_TEXTBOX_LOCATOR}=${EMAIL_DATA}</arg>
<arg>${PASSWORD_TEXTBOX_LOCATOR}=${PASSWORD}</arg>
<arg>${CONFIRM_PASSWORD_TEXTBOX_LOCATOR}=${CONFIRM_PASSWORD}</arg>
<doc>Creates and returns a dictionary based on the given ``items``.</doc>
<msg timestamp="20250530 13:08:45.576" level="INFO">${LIST_DATA} = {"xpath=//input[@id='FirstName']": 'Nhu', "xpath=//input[@id='LastName']": 'Duong', "xpath=//input[@id='Email']": 'duongnhu6668@gmail.com', "xpath=//input[@id='Password']": '12345678@', "xpath=//input...</msg>
<status status="PASS" starttime="20250530 13:08:45.575" endtime="20250530 13:08:45.576"/>
</kw>
<for flavor="IN">
<var>${TEXTBOX_FIELD}</var>
<var>${VALUE}</var>
<value>&amp;{LIST_DATA}</value>
<iter>
<var name="${TEXTBOX_FIELD}">xpath=//input[@id='FirstName']</var>
<var name="${VALUE}">Nhu</var>
<kw name="Input Text" library="SeleniumLibrary">
<arg>${TEXTBOX_FIELD}</arg>
<arg>${VALUE}</arg>
<doc>Types the given ``text`` into the text field identified by ``locator``.</doc>
<msg timestamp="20250530 13:08:45.576" level="INFO">Typing text 'Nhu' into text field 'xpath=//input[@id='FirstName']'.</msg>
<status status="PASS" starttime="20250530 13:08:45.576" endtime="20250530 13:08:45.662"/>
</kw>
<status status="PASS" starttime="20250530 13:08:45.576" endtime="20250530 13:08:45.662"/>
</iter>
<iter>
<var name="${TEXTBOX_FIELD}">xpath=//input[@id='LastName']</var>
<var name="${VALUE}">Duong</var>
<kw name="Input Text" library="SeleniumLibrary">
<arg>${TEXTBOX_FIELD}</arg>
<arg>${VALUE}</arg>
<doc>Types the given ``text`` into the text field identified by ``locator``.</doc>
<msg timestamp="20250530 13:08:45.663" level="INFO">Typing text 'Duong' into text field 'xpath=//input[@id='LastName']'.</msg>
<status status="PASS" starttime="20250530 13:08:45.662" endtime="20250530 13:08:45.723"/>
</kw>
<status status="PASS" starttime="20250530 13:08:45.662" endtime="20250530 13:08:45.723"/>
</iter>
<iter>
<var name="${TEXTBOX_FIELD}">xpath=//input[@id='Email']</var>
<var name="${VALUE}">duongnhu6668@gmail.com</var>
<kw name="Input Text" library="SeleniumLibrary">
<arg>${TEXTBOX_FIELD}</arg>
<arg>${VALUE}</arg>
<doc>Types the given ``text`` into the text field identified by ``locator``.</doc>
<msg timestamp="20250530 13:08:45.723" level="INFO">Typing text 'duongnhu6668@gmail.com' into text field 'xpath=//input[@id='Email']'.</msg>
<status status="PASS" starttime="20250530 13:08:45.723" endtime="20250530 13:08:45.798"/>
</kw>
<status status="PASS" starttime="20250530 13:08:45.723" endtime="20250530 13:08:45.798"/>
</iter>
<iter>
<var name="${TEXTBOX_FIELD}">xpath=//input[@id='Password']</var>
<var name="${VALUE}">12345678@</var>
<kw name="Input Text" library="SeleniumLibrary">
<arg>${TEXTBOX_FIELD}</arg>
<arg>${VALUE}</arg>
<doc>Types the given ``text`` into the text field identified by ``locator``.</doc>
<msg timestamp="20250530 13:08:45.799" level="INFO">Typing text '12345678@' into text field 'xpath=//input[@id='Password']'.</msg>
<status status="PASS" starttime="20250530 13:08:45.799" endtime="20250530 13:08:45.868"/>
</kw>
<status status="PASS" starttime="20250530 13:08:45.798" endtime="20250530 13:08:45.868"/>
</iter>
<iter>
<var name="${TEXTBOX_FIELD}">xpath=//input[@id='ConfirmPassword']</var>
<var name="${VALUE}">12345678@</var>
<kw name="Input Text" library="SeleniumLibrary">
<arg>${TEXTBOX_FIELD}</arg>
<arg>${VALUE}</arg>
<doc>Types the given ``text`` into the text field identified by ``locator``.</doc>
<msg timestamp="20250530 13:08:45.868" level="INFO">Typing text '12345678@' into text field 'xpath=//input[@id='ConfirmPassword']'.</msg>
<status status="PASS" starttime="20250530 13:08:45.868" endtime="20250530 13:08:45.928"/>
</kw>
<status status="PASS" starttime="20250530 13:08:45.868" endtime="20250530 13:08:45.928"/>
</iter>
<status status="PASS" starttime="20250530 13:08:45.576" endtime="20250530 13:08:45.928"/>
</for>
<status status="PASS" starttime="20250530 13:08:45.575" endtime="20250530 13:08:45.928"/>
</kw>
<kw name="Click register button" library="RegisterPageObject">
<kw name="Click Element" library="SeleniumLibrary">
<arg>${REGISTER_BUTTON_LOCATOR}</arg>
<doc>Click the element identified by ``locator``.</doc>
<msg timestamp="20250530 13:08:45.930" level="INFO">Clicking element 'name:register-button'.</msg>
<status status="PASS" starttime="20250530 13:08:45.929" endtime="20250530 13:08:46.110"/>
</kw>
<status status="PASS" starttime="20250530 13:08:45.928" endtime="20250530 13:08:46.110"/>
</kw>
<kw name="Verify success message with valid data" library="RegisterPageObject">
<arg>${SUCCESS_REGISTER_TEXT}</arg>
<kw name="Wait Until Element Is Visible" library="SeleniumLibrary">
<arg>${SUCCESS_REGISTER_TEXT_LOCATOR}</arg>
<arg>timeout=2s</arg>
<doc>Waits until the element ``locator`` is visible.</doc>
<status status="PASS" starttime="20250530 13:08:46.111" endtime="20250530 13:08:46.177"/>
</kw>
<kw name="Get Text" library="SeleniumLibrary">
<var>${ACTUAL_TEXT}</var>
<arg>${SUCCESS_REGISTER_TEXT_LOCATOR}</arg>
<doc>Returns the text value of the element identified by ``locator``.</doc>
<msg timestamp="20250530 13:08:46.197" level="INFO">${ACTUAL_TEXT} = Your registration completed</msg>
<status status="PASS" starttime="20250530 13:08:46.177" endtime="20250530 13:08:46.197"/>
</kw>
<kw name="Evaluate" library="BuiltIn">
<var>${EXPECTED_TEXT}</var>
<arg>"${SUCCESS_REGISTER_MESSAGE}".strip()</arg>
<doc>Evaluates the given expression in Python and returns the result.</doc>
<msg timestamp="20250530 13:08:46.197" level="INFO">${EXPECTED_TEXT} = Your registration completed</msg>
<status status="PASS" starttime="20250530 13:08:46.197" endtime="20250530 13:08:46.197"/>
</kw>
<kw name="Should Be Equal As Strings" library="BuiltIn">
<arg>${ACTUAL_TEXT}</arg>
<arg>${EXPECTED_TEXT}</arg>
<doc>Fails if objects are unequal after converting them to strings.</doc>
<status status="PASS" starttime="20250530 13:08:46.197" endtime="20250530 13:08:46.197"/>
</kw>
<status status="PASS" starttime="20250530 13:08:46.111" endtime="20250530 13:08:46.197"/>
</kw>
<status status="PASS" starttime="20250530 13:08:43.686" endtime="20250530 13:08:46.197"/>
</kw>
<kw name="Generate random email" library="CommonPageObject">
<var>${VALID_EMAIL}</var>
<kw name="Evaluate" library="BuiltIn">
<var>${RANDOM_NUMBER}</var>
<arg>random.randint(1000, 9999)</arg>
<arg>modules=random</arg>
<doc>Evaluates the given expression in Python and returns the result.</doc>
<msg timestamp="20250530 13:08:46.199" level="INFO">${RANDOM_NUMBER} = 8968</msg>
<status status="PASS" starttime="20250530 13:08:46.198" endtime="20250530 13:08:46.199"/>
</kw>
<kw name="Set Variable" library="BuiltIn">
<var>${VALID_EMAIL}</var>
<arg>duongnhu${RANDOM_NUMBER}@gmail.com</arg>
<doc>Returns the given values which can then be assigned to a variables.</doc>
<msg timestamp="20250530 13:08:46.199" level="INFO">${VALID_EMAIL} = duongnhu8968@gmail.com</msg>
<status status="PASS" starttime="20250530 13:08:46.199" endtime="20250530 13:08:46.199"/>
</kw>
<msg timestamp="20250530 13:08:46.199" level="INFO">${VALID_EMAIL} = duongnhu8968@gmail.com</msg>
<status status="PASS" starttime="20250530 13:08:46.198" endtime="20250530 13:08:46.199"/>
</kw>
<kw name="Click my account link" library="HeaderPageObject">
<kw name="Click Element" library="SeleniumLibrary">
<arg>${MY_ACCOUNT_LINK}</arg>
<doc>Click the element identified by ``locator``.</doc>
<msg timestamp="20250530 13:08:46.200" level="INFO">Clicking element 'class:ico-account'.</msg>
<status status="PASS" starttime="20250530 13:08:46.200" endtime="20250530 13:08:46.374"/>
</kw>
<status status="PASS" starttime="20250530 13:08:46.199" endtime="20250530 13:08:46.374"/>
</kw>
<kw name="Click address link" library="MyAcountSideBarPageObject">
<kw name="Click Element" library="SeleniumLibrary">
<arg>${ADDRESS_LINK}</arg>
<doc>Click the element identified by ``locator``.</doc>
<msg timestamp="20250530 13:08:46.375" level="INFO">Clicking element 'xpath=//li[contains(@class, 'customer-addresses')]/a'.</msg>
<status status="PASS" starttime="20250530 13:08:46.375" endtime="20250530 13:08:46.527"/>
</kw>
<status status="PASS" starttime="20250530 13:08:46.375" endtime="20250530 13:08:46.527"/>
</kw>
<kw name="Click add new button" library="AddressesPageObject">
<kw name="Click Button" library="SeleniumLibrary">
<arg>${ADD_NEW_BUTTON_LOCATOR}</arg>
<doc>Clicks the button identified by ``locator``.</doc>
<msg timestamp="20250530 13:08:46.529" level="INFO">Clicking button 'xpath=//button[contains(@class, 'add-address-button')]'.</msg>
<status status="PASS" starttime="20250530 13:08:46.528" endtime="20250530 13:08:46.765"/>
</kw>
<status status="PASS" starttime="20250530 13:08:46.527" endtime="20250530 13:08:46.766"/>
</kw>
<kw name="Input address information" library="AddressesPageObject">
<arg>${FIRST_NAME_ADDRESS}</arg>
<arg>${LAST_NAME_ADDRESS}</arg>
<arg>${VALID_EMAIL}</arg>
<arg>${COMPANY_ADDRESS}</arg>
<arg>${COUNTRY_ADDRESS}</arg>
<arg>${PROVINCE_ADDRESS}</arg>
<arg>${CITY_ADDRESS}</arg>
<arg>${ADDRESS_1}</arg>
<arg>${ADDRESS_2}</arg>
<arg>${ZIP_ADDRESS}</arg>
<arg>${PHONE_ADDRESS}</arg>
<arg>${FAX_NAME_ADDRESS}</arg>
<kw name="Select From List By Label" library="SeleniumLibrary">
<arg>${COUNTRY_DROPDOWN_LOCATOR}</arg>
<arg>${COUNTRY_ADDRESS}</arg>
<doc>Selects options from selection list ``locator`` by ``labels``.</doc>
<msg timestamp="20250530 13:08:46.767" level="INFO">Selecting options from selection list 'id:Address_CountryId' by label Vietnam.</msg>
<status status="PASS" starttime="20250530 13:08:46.767" endtime="20250530 13:08:46.894"/>
</kw>
<kw name="Select From List By Label" library="SeleniumLibrary">
<arg>${PROVINCE_DROPDOWN_LOCATOR}</arg>
<arg>${PROVINCE_ADDRESS}</arg>
<doc>Selects options from selection list ``locator`` by ``labels``.</doc>
<msg timestamp="20250530 13:08:46.895" level="INFO">Selecting options from selection list 'id:Address_StateProvinceId' by label Cần Thơ.</msg>
<status status="PASS" starttime="20250530 13:08:46.895" endtime="20250530 13:08:46.994"/>
</kw>
<kw name="Create Dictionary" library="BuiltIn">
<var>${LIST_DATA}</var>
<arg>${FIRST_NAME_ADDRESS_LOCATOR}=${FIRST_NAME_ADDRESS}</arg>
<arg>${LAST_NAME_ADDRESS_LOCATOR}=${LAST_NAME_ADDRESS}</arg>
<arg>${EMAIL_NAME_ADDRESS_LOCATOR}=${VALID_EMAIL}</arg>
<arg>${COMPANY_NAME_ADDRESS_LOCATOR}=${COMPANY_ADDRESS}</arg>
<arg>${CITY_TEXTBOX_LOCATOR}=${CITY_ADDRESS}</arg>
<arg>${ADDRESS_1_TEXTBOX_LOCATOR}=${ADDRESS_1}</arg>
<arg>${ADDRESS_2_TEXTBOX_LOCATOR}=${ADDRESS_2}</arg>
<arg>${ZIP_TEXTBOX_LOCATOR}=${ZIP_ADDRESS}</arg>
<arg>${PHONE_NUMBER_TEXTBOX_LOCATOR}=${PHONE_ADDRESS}</arg>
<arg>${FAX_NUMBER_TEXTBOX_LOCATOR}=${FAX_NAME_ADDRESS}</arg>
<doc>Creates and returns a dictionary based on the given ``items``.</doc>
<msg timestamp="20250530 13:08:46.996" level="INFO">${LIST_DATA} = {'id:Address_FirstName': 'Phan', 'id:Address_LastName': 'hoa@gmail.com', 'id:Address_Email': 'duongnhu8968@gmail.com', 'id:Address_Company': 'BT Entertainment', 'id:Address_City': 'Cần Thơ', 'id:Addre...</msg>
<status status="PASS" starttime="20250530 13:08:46.994" endtime="20250530 13:08:46.996"/>
</kw>
<for flavor="IN">
<var>${TEXTBOX_FIELD}</var>
<var>${VALUE}</var>
<value>&amp;{LIST_DATA}</value>
<iter>
<var name="${TEXTBOX_FIELD}">id:Address_FirstName</var>
<var name="${VALUE}">Phan</var>
<kw name="Input Text" library="SeleniumLibrary">
<arg>${TEXTBOX_FIELD}</arg>
<arg>${VALUE}</arg>
<doc>Types the given ``text`` into the text field identified by ``locator``.</doc>
<msg timestamp="20250530 13:08:46.997" level="INFO">Typing text 'Phan' into text field 'id:Address_FirstName'.</msg>
<status status="PASS" starttime="20250530 13:08:46.996" endtime="20250530 13:08:47.085"/>
</kw>
<status status="PASS" starttime="20250530 13:08:46.996" endtime="20250530 13:08:47.085"/>
</iter>
<iter>
<var name="${TEXTBOX_FIELD}">id:Address_LastName</var>
<var name="${VALUE}">hoa@gmail.com</var>
<kw name="Input Text" library="SeleniumLibrary">
<arg>${TEXTBOX_FIELD}</arg>
<arg>${VALUE}</arg>
<doc>Types the given ``text`` into the text field identified by ``locator``.</doc>
<msg timestamp="20250530 13:08:47.086" level="INFO">Typing text 'hoa@gmail.com' into text field 'id:Address_LastName'.</msg>
<status status="PASS" starttime="20250530 13:08:47.086" endtime="20250530 13:08:47.178"/>
</kw>
<status status="PASS" starttime="20250530 13:08:47.085" endtime="20250530 13:08:47.178"/>
</iter>
<iter>
<var name="${TEXTBOX_FIELD}">id:Address_Email</var>
<var name="${VALUE}">duongnhu8968@gmail.com</var>
<kw name="Input Text" library="SeleniumLibrary">
<arg>${TEXTBOX_FIELD}</arg>
<arg>${VALUE}</arg>
<doc>Types the given ``text`` into the text field identified by ``locator``.</doc>
<msg timestamp="20250530 13:08:47.179" level="INFO">Typing text 'duongnhu8968@gmail.com' into text field 'id:Address_Email'.</msg>
<status status="PASS" starttime="20250530 13:08:47.178" endtime="20250530 13:08:47.266"/>
</kw>
<status status="PASS" starttime="20250530 13:08:47.178" endtime="20250530 13:08:47.266"/>
</iter>
<iter>
<var name="${TEXTBOX_FIELD}">id:Address_Company</var>
<var name="${VALUE}">BT Entertainment</var>
<kw name="Input Text" library="SeleniumLibrary">
<arg>${TEXTBOX_FIELD}</arg>
<arg>${VALUE}</arg>
<doc>Types the given ``text`` into the text field identified by ``locator``.</doc>
<msg timestamp="20250530 13:08:47.267" level="INFO">Typing text 'BT Entertainment' into text field 'id:Address_Company'.</msg>
<status status="PASS" starttime="20250530 13:08:47.267" endtime="20250530 13:08:47.341"/>
</kw>
<status status="PASS" starttime="20250530 13:08:47.267" endtime="20250530 13:08:47.341"/>
</iter>
<iter>
<var name="${TEXTBOX_FIELD}">id:Address_City</var>
<var name="${VALUE}">Cần Thơ</var>
<kw name="Input Text" library="SeleniumLibrary">
<arg>${TEXTBOX_FIELD}</arg>
<arg>${VALUE}</arg>
<doc>Types the given ``text`` into the text field identified by ``locator``.</doc>
<msg timestamp="20250530 13:08:47.342" level="INFO">Typing text 'Cần Thơ' into text field 'id:Address_City'.</msg>
<status status="PASS" starttime="20250530 13:08:47.341" endtime="20250530 13:08:47.413"/>
</kw>
<status status="PASS" starttime="20250530 13:08:47.341" endtime="20250530 13:08:47.413"/>
</iter>
<iter>
<var name="${TEXTBOX_FIELD}">id:Address_Address1</var>
<var name="${VALUE}">Cai Khe Ninh Kieu</var>
<kw name="Input Text" library="SeleniumLibrary">
<arg>${TEXTBOX_FIELD}</arg>
<arg>${VALUE}</arg>
<doc>Types the given ``text`` into the text field identified by ``locator``.</doc>
<msg timestamp="20250530 13:08:47.414" level="INFO">Typing text 'Cai Khe Ninh Kieu' into text field 'id:Address_Address1'.</msg>
<status status="PASS" starttime="20250530 13:08:47.413" endtime="20250530 13:08:47.511"/>
</kw>
<status status="PASS" starttime="20250530 13:08:47.413" endtime="20250530 13:08:47.511"/>
</iter>
<iter>
<var name="${TEXTBOX_FIELD}">id:Address_Address2</var>
<var name="${VALUE}">Xuan Khanh Ninh Kieu</var>
<kw name="Input Text" library="SeleniumLibrary">
<arg>${TEXTBOX_FIELD}</arg>
<arg>${VALUE}</arg>
<doc>Types the given ``text`` into the text field identified by ``locator``.</doc>
<msg timestamp="20250530 13:08:47.512" level="INFO">Typing text 'Xuan Khanh Ninh Kieu' into text field 'id:Address_Address2'.</msg>
<status status="PASS" starttime="20250530 13:08:47.512" endtime="20250530 13:08:47.633"/>
</kw>
<status status="PASS" starttime="20250530 13:08:47.511" endtime="20250530 13:08:47.633"/>
</iter>
<iter>
<var name="${TEXTBOX_FIELD}">id:Address_ZipPostalCode</var>
<var name="${VALUE}">550000</var>
<kw name="Input Text" library="SeleniumLibrary">
<arg>${TEXTBOX_FIELD}</arg>
<arg>${VALUE}</arg>
<doc>Types the given ``text`` into the text field identified by ``locator``.</doc>
<msg timestamp="20250530 13:08:47.634" level="INFO">Typing text '550000' into text field 'id:Address_ZipPostalCode'.</msg>
<status status="PASS" starttime="20250530 13:08:47.634" endtime="20250530 13:08:47.767"/>
</kw>
<status status="PASS" starttime="20250530 13:08:47.634" endtime="20250530 13:08:47.767"/>
</iter>
<iter>
<var name="${TEXTBOX_FIELD}">id:Address_PhoneNumber</var>
<var name="${VALUE}">0123456789</var>
<kw name="Input Text" library="SeleniumLibrary">
<arg>${TEXTBOX_FIELD}</arg>
<arg>${VALUE}</arg>
<doc>Types the given ``text`` into the text field identified by ``locator``.</doc>
<msg timestamp="20250530 13:08:47.768" level="INFO">Typing text '0123456789' into text field 'id:Address_PhoneNumber'.</msg>
<status status="PASS" starttime="20250530 13:08:47.767" endtime="20250530 13:08:47.891"/>
</kw>
<status status="PASS" starttime="20250530 13:08:47.767" endtime="20250530 13:08:47.891"/>
</iter>
<iter>
<var name="${TEXTBOX_FIELD}">id:Address_FaxNumber</var>
<var name="${VALUE}">Phan</var>
<kw name="Input Text" library="SeleniumLibrary">
<arg>${TEXTBOX_FIELD}</arg>
<arg>${VALUE}</arg>
<doc>Types the given ``text`` into the text field identified by ``locator``.</doc>
<msg timestamp="20250530 13:08:47.892" level="INFO">Typing text 'Phan' into text field 'id:Address_FaxNumber'.</msg>
<status status="PASS" starttime="20250530 13:08:47.891" endtime="20250530 13:08:48.011"/>
</kw>
<status status="PASS" starttime="20250530 13:08:47.891" endtime="20250530 13:08:48.012"/>
</iter>
<status status="PASS" starttime="20250530 13:08:46.996" endtime="20250530 13:08:48.012"/>
</for>
<status status="PASS" starttime="20250530 13:08:46.766" endtime="20250530 13:08:48.012"/>
</kw>
<kw name="Click save button" library="AddressesPageObject">
<kw name="Click Element" library="SeleniumLibrary">
<arg>${SAVE_BUTTON_ADDRESS}</arg>
<doc>Click the element identified by ``locator``.</doc>
<msg timestamp="20250530 13:08:48.017" level="INFO">Clicking element 'class:save-address-button'.</msg>
<status status="PASS" starttime="20250530 13:08:48.017" endtime="20250530 13:08:48.341"/>
</kw>
<status status="PASS" starttime="20250530 13:08:48.016" endtime="20250530 13:08:48.341"/>
</kw>
<kw name="Verify updated address information is successfully saved" library="AddressesPageObject">
<arg>${FIRST_NAME_ADDRESS}</arg>
<arg>${LAST_NAME_ADDRESS}</arg>
<arg>${VALID_EMAIL}</arg>
<arg>${COMPANY_ADDRESS}</arg>
<arg>${COUNTRY_ADDRESS}</arg>
<arg>${PROVINCE_ADDRESS}</arg>
<arg>${CITY_ADDRESS}</arg>
<arg>${ADDRESS_1}</arg>
<arg>${ADDRESS_2}</arg>
<arg>${ZIP_ADDRESS}</arg>
<arg>${PHONE_ADDRESS}</arg>
<arg>${FAX_NAME_ADDRESS}</arg>
<kw name="Create List" library="BuiltIn">
<var>${ADDRESS_FIELDS}</var>
<arg>${FIRST_NAME_ADDRESS}</arg>
<arg>${LAST_NAME_ADDRESS}</arg>
<arg>${VALID_EMAIL}</arg>
<arg>${COMPANY_ADDRESS}</arg>
<arg>${COUNTRY_ADDRESS}</arg>
<arg>${PROVINCE_ADDRESS}</arg>
<arg>${CITY_ADDRESS}</arg>
<arg>${ADDRESS_1}</arg>
<arg>${ADDRESS_2}</arg>
<arg>${ZIP_ADDRESS}</arg>
<arg>${PHONE_ADDRESS}</arg>
<arg>${FAX_NAME_ADDRESS}</arg>
<doc>Returns a list containing given items.</doc>
<msg timestamp="20250530 13:08:48.344" level="INFO">${ADDRESS_FIELDS} = ['Phan', 'hoa@gmail.com', 'duongnhu8968@gmail.com', 'BT Entertainment', 'Vietnam', 'Cần Thơ', 'Cần Thơ', 'Cai Khe Ninh Kieu', 'Xuan Khanh Ninh Kieu', '550000', '0123456789', 'Phan']</msg>
<status status="PASS" starttime="20250530 13:08:48.343" endtime="20250530 13:08:48.345"/>
</kw>
<for flavor="IN">
<var>${FIELD}</var>
<value>@{ADDRESS_FIELDS}</value>
<iter>
<var name="${FIELD}">Phan</var>
<kw name="Page Should Contain" library="SeleniumLibrary">
<arg>${FIELD}</arg>
<doc>Verifies that current page contains ``text``.</doc>
<msg timestamp="20250530 13:08:48.372" level="INFO">Current page contains text 'Phan'.</msg>
<status status="PASS" starttime="20250530 13:08:48.345" endtime="20250530 13:08:48.372"/>
</kw>
<status status="PASS" starttime="20250530 13:08:48.345" endtime="20250530 13:08:48.372"/>
</iter>
<iter>
<var name="${FIELD}">hoa@gmail.com</var>
<kw name="Page Should Contain" library="SeleniumLibrary">
<arg>${FIELD}</arg>
<doc>Verifies that current page contains ``text``.</doc>
<msg timestamp="20250530 13:08:48.388" level="INFO">Current page contains text 'hoa@gmail.com'.</msg>
<status status="PASS" starttime="20250530 13:08:48.372" endtime="20250530 13:08:48.388"/>
</kw>
<status status="PASS" starttime="20250530 13:08:48.372" endtime="20250530 13:08:48.388"/>
</iter>
<iter>
<var name="${FIELD}">duongnhu8968@gmail.com</var>
<kw name="Page Should Contain" library="SeleniumLibrary">
<arg>${FIELD}</arg>
<doc>Verifies that current page contains ``text``.</doc>
<msg timestamp="20250530 13:08:48.403" level="INFO">Current page contains text 'duongnhu8968@gmail.com'.</msg>
<status status="PASS" starttime="20250530 13:08:48.388" endtime="20250530 13:08:48.403"/>
</kw>
<status status="PASS" starttime="20250530 13:08:48.388" endtime="20250530 13:08:48.403"/>
</iter>
<iter>
<var name="${FIELD}">BT Entertainment</var>
<kw name="Page Should Contain" library="SeleniumLibrary">
<arg>${FIELD}</arg>
<doc>Verifies that current page contains ``text``.</doc>
<msg timestamp="20250530 13:08:48.416" level="INFO">Current page contains text 'BT Entertainment'.</msg>
<status status="PASS" starttime="20250530 13:08:48.403" endtime="20250530 13:08:48.416"/>
</kw>
<status status="PASS" starttime="20250530 13:08:48.403" endtime="20250530 13:08:48.416"/>
</iter>
<iter>
<var name="${FIELD}">Vietnam</var>
<kw name="Page Should Contain" library="SeleniumLibrary">
<arg>${FIELD}</arg>
<doc>Verifies that current page contains ``text``.</doc>
<msg timestamp="20250530 13:08:48.426" level="INFO">Current page contains text 'Vietnam'.</msg>
<status status="PASS" starttime="20250530 13:08:48.416" endtime="20250530 13:08:48.426"/>
</kw>
<status status="PASS" starttime="20250530 13:08:48.416" endtime="20250530 13:08:48.426"/>
</iter>
<iter>
<var name="${FIELD}">Cần Thơ</var>
<kw name="Page Should Contain" library="SeleniumLibrary">
<arg>${FIELD}</arg>
<doc>Verifies that current page contains ``text``.</doc>
<msg timestamp="20250530 13:08:48.440" level="INFO">Current page contains text 'Cần Thơ'.</msg>
<status status="PASS" starttime="20250530 13:08:48.426" endtime="20250530 13:08:48.440"/>
</kw>
<status status="PASS" starttime="20250530 13:08:48.426" endtime="20250530 13:08:48.440"/>
</iter>
<iter>
<var name="${FIELD}">Cần Thơ</var>
<kw name="Page Should Contain" library="SeleniumLibrary">
<arg>${FIELD}</arg>
<doc>Verifies that current page contains ``text``.</doc>
<msg timestamp="20250530 13:08:48.449" level="INFO">Current page contains text 'Cần Thơ'.</msg>
<status status="PASS" starttime="20250530 13:08:48.440" endtime="20250530 13:08:48.449"/>
</kw>
<status status="PASS" starttime="20250530 13:08:48.440" endtime="20250530 13:08:48.449"/>
</iter>
<iter>
<var name="${FIELD}">Cai Khe Ninh Kieu</var>
<kw name="Page Should Contain" library="SeleniumLibrary">
<arg>${FIELD}</arg>
<doc>Verifies that current page contains ``text``.</doc>
<msg timestamp="20250530 13:08:48.460" level="INFO">Current page contains text 'Cai Khe Ninh Kieu'.</msg>
<status status="PASS" starttime="20250530 13:08:48.449" endtime="20250530 13:08:48.460"/>
</kw>
<status status="PASS" starttime="20250530 13:08:48.449" endtime="20250530 13:08:48.460"/>
</iter>
<iter>
<var name="${FIELD}">Xuan Khanh Ninh Kieu</var>
<kw name="Page Should Contain" library="SeleniumLibrary">
<arg>${FIELD}</arg>
<doc>Verifies that current page contains ``text``.</doc>
<msg timestamp="20250530 13:08:48.476" level="INFO">Current page contains text 'Xuan Khanh Ninh Kieu'.</msg>
<status status="PASS" starttime="20250530 13:08:48.460" endtime="20250530 13:08:48.476"/>
</kw>
<status status="PASS" starttime="20250530 13:08:48.460" endtime="20250530 13:08:48.476"/>
</iter>
<iter>
<var name="${FIELD}">550000</var>
<kw name="Page Should Contain" library="SeleniumLibrary">
<arg>${FIELD}</arg>
<doc>Verifies that current page contains ``text``.</doc>
<msg timestamp="20250530 13:08:48.494" level="INFO">Current page contains text '550000'.</msg>
<status status="PASS" starttime="20250530 13:08:48.477" endtime="20250530 13:08:48.494"/>
</kw>
<status status="PASS" starttime="20250530 13:08:48.476" endtime="20250530 13:08:48.494"/>
</iter>
<iter>
<var name="${FIELD}">0123456789</var>
<kw name="Page Should Contain" library="SeleniumLibrary">
<arg>${FIELD}</arg>
<doc>Verifies that current page contains ``text``.</doc>
<msg timestamp="20250530 13:08:48.508" level="INFO">Current page contains text '0123456789'.</msg>
<status status="PASS" starttime="20250530 13:08:48.494" endtime="20250530 13:08:48.508"/>
</kw>
<status status="PASS" starttime="20250530 13:08:48.494" endtime="20250530 13:08:48.508"/>
</iter>
<iter>
<var name="${FIELD}">Phan</var>
<kw name="Page Should Contain" library="SeleniumLibrary">
<arg>${FIELD}</arg>
<doc>Verifies that current page contains ``text``.</doc>
<msg timestamp="20250530 13:08:48.521" level="INFO">Current page contains text 'Phan'.</msg>
<status status="PASS" starttime="20250530 13:08:48.509" endtime="20250530 13:08:48.521"/>
</kw>
<status status="PASS" starttime="20250530 13:08:48.508" endtime="20250530 13:08:48.521"/>
</iter>
<status status="PASS" starttime="20250530 13:08:48.345" endtime="20250530 13:08:48.521"/>
</for>
<status status="PASS" starttime="20250530 13:08:48.342" endtime="20250530 13:08:48.521"/>
</kw>
<kw name="Finish TestCase" library="CommonPageObject" type="TEARDOWN">
<kw name="Close Browser" library="SeleniumLibrary">
<doc>Closes the current browser.</doc>
<status status="PASS" starttime="20250530 13:08:48.522" endtime="20250530 13:08:50.651"/>
</kw>
<status status="PASS" starttime="20250530 13:08:48.521" endtime="20250530 13:08:50.651"/>
</kw>
<doc>This test case verifies that a customer address is added successfully</doc>
<tag>Functional</tag>
<status status="PASS" starttime="20250530 13:08:42.041" endtime="20250530 13:08:50.652"/>
</test>
<test id="s1-t3" name="Verify that user can change password" line="58">
<kw name="Start TestCase" library="CommonPageObject" type="SETUP">
<kw name="Open Browser" library="SeleniumLibrary">
<arg>${url}</arg>
<arg>${browser}</arg>
<doc>Opens a new browser instance to the optional ``url``.</doc>
<msg timestamp="20250530 13:08:50.654" level="INFO">Opening browser 'chrome' to base url 'http://demo.nopcommerce/'.</msg>
<status status="PASS" starttime="20250530 13:08:50.653" endtime="20250530 13:08:52.307"/>
</kw>
<kw name="Maximize Browser Window" library="SeleniumLibrary">
<doc>Maximizes current browser window.</doc>
<status status="PASS" starttime="20250530 13:08:52.307" endtime="20250530 13:08:52.337"/>
</kw>
<status status="PASS" starttime="20250530 13:08:50.653" endtime="20250530 13:08:52.338"/>
</kw>
<kw name="Register" library="RegisterPageObject">
<var>${EMAIL_LOGIN}</var>
<arg>${FIRST_NAME}</arg>
<arg>${LAST_NAME}</arg>
<arg>${PASSWORD}</arg>
<arg>${CONFIRM_PASSWORD}</arg>
<arg>${SUCCESS_REGISTER_TEXT}</arg>
<kw name="Start TestCase" library="CommonPageObject">
<kw name="Open Browser" library="SeleniumLibrary">
<arg>${url}</arg>
<arg>${browser}</arg>
<doc>Opens a new browser instance to the optional ``url``.</doc>
<msg timestamp="20250530 13:08:52.340" level="INFO">Opening browser 'chrome' to base url 'http://demo.nopcommerce/'.</msg>
<status status="PASS" starttime="20250530 13:08:52.339" endtime="20250530 13:08:54.306"/>
</kw>
<kw name="Maximize Browser Window" library="SeleniumLibrary">
<doc>Maximizes current browser window.</doc>
<status status="PASS" starttime="20250530 13:08:54.306" endtime="20250530 13:08:54.375"/>
</kw>
<status status="PASS" starttime="20250530 13:08:52.339" endtime="20250530 13:08:54.375"/>
</kw>
<kw name="Generate random email" library="CommonPageObject">
<var>${VALID_EMAIL}</var>
<kw name="Evaluate" library="BuiltIn">
<var>${RANDOM_NUMBER}</var>
<arg>random.randint(1000, 9999)</arg>
<arg>modules=random</arg>
<doc>Evaluates the given expression in Python and returns the result.</doc>
<msg timestamp="20250530 13:08:54.376" level="INFO">${RANDOM_NUMBER} = 8048</msg>
<status status="PASS" starttime="20250530 13:08:54.376" endtime="20250530 13:08:54.376"/>
</kw>
<kw name="Set Variable" library="BuiltIn">
<var>${VALID_EMAIL}</var>
<arg>duongnhu${RANDOM_NUMBER}@gmail.com</arg>
<doc>Returns the given values which can then be assigned to a variables.</doc>
<msg timestamp="20250530 13:08:54.377" level="INFO">${VALID_EMAIL} = duongnhu8048@gmail.com</msg>
<status status="PASS" starttime="20250530 13:08:54.377" endtime="20250530 13:08:54.377"/>
</kw>
<msg timestamp="20250530 13:08:54.377" level="INFO">${VALID_EMAIL} = duongnhu8048@gmail.com</msg>
<status status="PASS" starttime="20250530 13:08:54.375" endtime="20250530 13:08:54.377"/>
</kw>
<kw name="Click register link" library="HeaderPageObject">
<kw name="Click Element" library="SeleniumLibrary">
<arg>${REGISTER_LINK}</arg>
<doc>Click the element identified by ``locator``.</doc>
<msg timestamp="20250530 13:08:54.378" level="INFO">Clicking element 'class:ico-register'.</msg>
<status status="PASS" starttime="20250530 13:08:54.378" endtime="20250530 13:08:54.703"/>
</kw>
<status status="PASS" starttime="20250530 13:08:54.377" endtime="20250530 13:08:54.704"/>
</kw>
<kw name="Fill in all required fields" library="RegisterPageObject">
<arg>${FIRST_NAME}</arg>
<arg>${LAST_NAME}</arg>
<arg>${VALID_EMAIL}</arg>
<arg>${PASSWORD}</arg>
<arg>${CONFIRM_PASSWORD}</arg>
<kw name="Create Dictionary" library="BuiltIn">
<var>${LIST_DATA}</var>
<arg>${FIRST_NAME_TEXTBOX_LOCATOR}=${FIRST_NAME}</arg>
<arg>${LAST_NAME_TEXTBOX_LOCATOR}=${LAST_NAME}</arg>
<arg>${EMAIL_TEXTBOX_LOCATOR}=${EMAIL_DATA}</arg>
<arg>${PASSWORD_TEXTBOX_LOCATOR}=${PASSWORD}</arg>
<arg>${CONFIRM_PASSWORD_TEXTBOX_LOCATOR}=${CONFIRM_PASSWORD}</arg>
<doc>Creates and returns a dictionary based on the given ``items``.</doc>
<msg timestamp="20250530 13:08:54.705" level="INFO">${LIST_DATA} = {"xpath=//input[@id='FirstName']": 'Nhu', "xpath=//input[@id='LastName']": 'Duong', "xpath=//input[@id='Email']": 'duongnhu8048@gmail.com', "xpath=//input[@id='Password']": '12345678@', "xpath=//input...</msg>
<status status="PASS" starttime="20250530 13:08:54.705" endtime="20250530 13:08:54.705"/>
</kw>
<for flavor="IN">
<var>${TEXTBOX_FIELD}</var>
<var>${VALUE}</var>
<value>&amp;{LIST_DATA}</value>
<iter>
<var name="${TEXTBOX_FIELD}">xpath=//input[@id='FirstName']</var>
<var name="${VALUE}">Nhu</var>
<kw name="Input Text" library="SeleniumLibrary">
<arg>${TEXTBOX_FIELD}</arg>
<arg>${VALUE}</arg>
<doc>Types the given ``text`` into the text field identified by ``locator``.</doc>
<msg timestamp="20250530 13:08:54.706" level="INFO">Typing text 'Nhu' into text field 'xpath=//input[@id='FirstName']'.</msg>
<status status="PASS" starttime="20250530 13:08:54.706" endtime="20250530 13:08:54.860"/>
</kw>
<status status="PASS" starttime="20250530 13:08:54.706" endtime="20250530 13:08:54.860"/>
</iter>
<iter>
<var name="${TEXTBOX_FIELD}">xpath=//input[@id='LastName']</var>
<var name="${VALUE}">Duong</var>
<kw name="Input Text" library="SeleniumLibrary">
<arg>${TEXTBOX_FIELD}</arg>
<arg>${VALUE}</arg>
<doc>Types the given ``text`` into the text field identified by ``locator``.</doc>
<msg timestamp="20250530 13:08:54.861" level="INFO">Typing text 'Duong' into text field 'xpath=//input[@id='LastName']'.</msg>
<status status="PASS" starttime="20250530 13:08:54.860" endtime="20250530 13:08:54.934"/>
</kw>
<status status="PASS" starttime="20250530 13:08:54.860" endtime="20250530 13:08:54.934"/>
</iter>
<iter>
<var name="${TEXTBOX_FIELD}">xpath=//input[@id='Email']</var>
<var name="${VALUE}">duongnhu8048@gmail.com</var>
<kw name="Input Text" library="SeleniumLibrary">
<arg>${TEXTBOX_FIELD}</arg>
<arg>${VALUE}</arg>
<doc>Types the given ``text`` into the text field identified by ``locator``.</doc>
<msg timestamp="20250530 13:08:54.935" level="INFO">Typing text 'duongnhu8048@gmail.com' into text field 'xpath=//input[@id='Email']'.</msg>
<status status="PASS" starttime="20250530 13:08:54.935" endtime="20250530 13:08:55.023"/>
</kw>
<status status="PASS" starttime="20250530 13:08:54.934" endtime="20250530 13:08:55.023"/>
</iter>
<iter>
<var name="${TEXTBOX_FIELD}">xpath=//input[@id='Password']</var>
<var name="${VALUE}">12345678@</var>
<kw name="Input Text" library="SeleniumLibrary">
<arg>${TEXTBOX_FIELD}</arg>
<arg>${VALUE}</arg>
<doc>Types the given ``text`` into the text field identified by ``locator``.</doc>
<msg timestamp="20250530 13:08:55.023" level="INFO">Typing text '12345678@' into text field 'xpath=//input[@id='Password']'.</msg>
<status status="PASS" starttime="20250530 13:08:55.023" endtime="20250530 13:08:55.126"/>
</kw>
<status status="PASS" starttime="20250530 13:08:55.023" endtime="20250530 13:08:55.126"/>
</iter>
<iter>
<var name="${TEXTBOX_FIELD}">xpath=//input[@id='ConfirmPassword']</var>
<var name="${VALUE}">12345678@</var>
<kw name="Input Text" library="SeleniumLibrary">
<arg>${TEXTBOX_FIELD}</arg>
<arg>${VALUE}</arg>
<doc>Types the given ``text`` into the text field identified by ``locator``.</doc>
<msg timestamp="20250530 13:08:55.126" level="INFO">Typing text '12345678@' into text field 'xpath=//input[@id='ConfirmPassword']'.</msg>
<status status="PASS" starttime="20250530 13:08:55.126" endtime="20250530 13:08:55.232"/>
</kw>
<status status="PASS" starttime="20250530 13:08:55.126" endtime="20250530 13:08:55.233"/>
</iter>
<status status="PASS" starttime="20250530 13:08:54.705" endtime="20250530 13:08:55.233"/>
</for>
<status status="PASS" starttime="20250530 13:08:54.704" endtime="20250530 13:08:55.233"/>
</kw>
<kw name="Click register button" library="RegisterPageObject">
<kw name="Click Element" library="SeleniumLibrary">
<arg>${REGISTER_BUTTON_LOCATOR}</arg>
<doc>Click the element identified by ``locator``.</doc>
<msg timestamp="20250530 13:08:55.234" level="INFO">Clicking element 'name:register-button'.</msg>
<status status="PASS" starttime="20250530 13:08:55.233" endtime="20250530 13:08:55.428"/>
</kw>
<status status="PASS" starttime="20250530 13:08:55.233" endtime="20250530 13:08:55.428"/>
</kw>
<kw name="Verify success message with valid data" library="RegisterPageObject">
<arg>${SUCCESS_REGISTER_TEXT}</arg>
<kw name="Wait Until Element Is Visible" library="SeleniumLibrary">
<arg>${SUCCESS_REGISTER_TEXT_LOCATOR}</arg>
<arg>timeout=2s</arg>
<doc>Waits until the element ``locator`` is visible.</doc>
<status status="PASS" starttime="20250530 13:08:55.429" endtime="20250530 13:08:55.508"/>
</kw>
<kw name="Get Text" library="SeleniumLibrary">
<var>${ACTUAL_TEXT}</var>
<arg>${SUCCESS_REGISTER_TEXT_LOCATOR}</arg>
<doc>Returns the text value of the element identified by ``locator``.</doc>
<msg timestamp="20250530 13:08:55.532" level="INFO">${ACTUAL_TEXT} = Your registration completed</msg>
<status status="PASS" starttime="20250530 13:08:55.508" endtime="20250530 13:08:55.532"/>
</kw>
<kw name="Evaluate" library="BuiltIn">
<var>${EXPECTED_TEXT}</var>
<arg>"${SUCCESS_REGISTER_MESSAGE}".strip()</arg>
<doc>Evaluates the given expression in Python and returns the result.</doc>
<msg timestamp="20250530 13:08:55.533" level="INFO">${EXPECTED_TEXT} = Your registration completed</msg>
<status status="PASS" starttime="20250530 13:08:55.533" endtime="20250530 13:08:55.533"/>
</kw>
<kw name="Should Be Equal As Strings" library="BuiltIn">
<arg>${ACTUAL_TEXT}</arg>
<arg>${EXPECTED_TEXT}</arg>
<doc>Fails if objects are unequal after converting them to strings.</doc>
<status status="PASS" starttime="20250530 13:08:55.533" endtime="20250530 13:08:55.533"/>
</kw>
<status status="PASS" starttime="20250530 13:08:55.428" endtime="20250530 13:08:55.534"/>
</kw>
<msg timestamp="20250530 13:08:55.534" level="INFO">${EMAIL_LOGIN} = duongnhu8048@gmail.com</msg>
<status status="PASS" starttime="20250530 13:08:52.338" endtime="20250530 13:08:55.534"/>
</kw>
<kw name="Click my account link" library="HeaderPageObject">
<kw name="Click Element" library="SeleniumLibrary">
<arg>${MY_ACCOUNT_LINK}</arg>
<doc>Click the element identified by ``locator``.</doc>
<msg timestamp="20250530 13:08:55.535" level="INFO">Clicking element 'class:ico-account'.</msg>
<status status="PASS" starttime="20250530 13:08:55.535" endtime="20250530 13:08:55.739"/>
</kw>
<status status="PASS" starttime="20250530 13:08:55.534" endtime="20250530 13:08:55.739"/>
</kw>
<kw name="Click change password link" library="MyAcountSideBarPageObject">
<kw name="Click Element" library="SeleniumLibrary">
<arg>${CHANGE_PASSWORD_LINK}</arg>
<doc>Click the element identified by ``locator``.</doc>
<msg timestamp="20250530 13:08:55.740" level="INFO">Clicking element 'xpath=//li[contains(@class, 'change-password')]/a'.</msg>
<status status="PASS" starttime="20250530 13:08:55.740" endtime="20250530 13:08:55.937"/>
</kw>
<status status="PASS" starttime="20250530 13:08:55.739" endtime="20250530 13:08:55.937"/>
</kw>
<kw name="Input password infomation" library="ChangePasswordPageObject">
<arg>${PASSWORD}</arg>
<arg>${NEW_PASSWORD}</arg>
<arg>${NEW_PASSWORD}</arg>
<kw name="Create Dictionary" library="BuiltIn">
<var>${LIST_DATA}</var>
<arg>${OLD_PASSWORD_TEXTBOX }=${OLD_PASSWORD}</arg>
<arg>${NEW_PASSWORD_TEXTBOX }=${NEW_PASSWORD}</arg>
<arg>${CONFIRM_PASSWORD_TEXTBOX}=${CONFIRM_PASSWORD}</arg>
<doc>Creates and returns a dictionary based on the given ``items``.</doc>
<msg timestamp="20250530 13:08:55.939" level="INFO">${LIST_DATA} = {'id:OldPassword': '12345678@', 'id:NewPassword': '09272139893', 'id:ConfirmNewPassword': '09272139893'}</msg>
<status status="PASS" starttime="20250530 13:08:55.938" endtime="20250530 13:08:55.939"/>
</kw>
<for flavor="IN">
<var>${TEXTBOX_FIELD}</var>
<var>${VALUE}</var>
<value>&amp;{LIST_DATA}</value>
<iter>
<var name="${TEXTBOX_FIELD}">id:OldPassword</var>
<var name="${VALUE}">12345678@</var>
<kw name="Input Text" library="SeleniumLibrary">
<arg>${TEXTBOX_FIELD}</arg>
<arg>${VALUE}</arg>
<doc>Types the given ``text`` into the text field identified by ``locator``.</doc>
<msg timestamp="20250530 13:08:55.940" level="INFO">Typing text '12345678@' into text field 'id:OldPassword'.</msg>
<status status="PASS" starttime="20250530 13:08:55.939" endtime="20250530 13:08:56.018"/>
</kw>
<status status="PASS" starttime="20250530 13:08:55.939" endtime="20250530 13:08:56.018"/>
</iter>
<iter>
<var name="${TEXTBOX_FIELD}">id:NewPassword</var>
<var name="${VALUE}">09272139893</var>
<kw name="Input Text" library="SeleniumLibrary">
<arg>${TEXTBOX_FIELD}</arg>
<arg>${VALUE}</arg>
<doc>Types the given ``text`` into the text field identified by ``locator``.</doc>
<msg timestamp="20250530 13:08:56.019" level="INFO">Typing text '09272139893' into text field 'id:NewPassword'.</msg>
<status status="PASS" starttime="20250530 13:08:56.018" endtime="20250530 13:08:56.093"/>
</kw>
<status status="PASS" starttime="20250530 13:08:56.018" endtime="20250530 13:08:56.093"/>
</iter>
<iter>
<var name="${TEXTBOX_FIELD}">id:ConfirmNewPassword</var>
<var name="${VALUE}">09272139893</var>
<kw name="Input Text" library="SeleniumLibrary">
<arg>${TEXTBOX_FIELD}</arg>
<arg>${VALUE}</arg>
<doc>Types the given ``text`` into the text field identified by ``locator``.</doc>
<msg timestamp="20250530 13:08:56.094" level="INFO">Typing text '09272139893' into text field 'id:ConfirmNewPassword'.</msg>
<status status="PASS" starttime="20250530 13:08:56.094" endtime="20250530 13:08:56.167"/>
</kw>
<status status="PASS" starttime="20250530 13:08:56.093" endtime="20250530 13:08:56.167"/>
</iter>
<status status="PASS" starttime="20250530 13:08:55.939" endtime="20250530 13:08:56.167"/>
</for>
<status status="PASS" starttime="20250530 13:08:55.938" endtime="20250530 13:08:56.167"/>
</kw>
<kw name="Click change password button" library="ChangePasswordPageObject">
<kw name="Click Element" library="SeleniumLibrary">
<arg>${SAVE_CHANGE_PASSWORD_BUTTON}</arg>
<doc>Click the element identified by ``locator``.</doc>
<msg timestamp="20250530 13:08:56.168" level="INFO">Clicking element 'class:change-password-button'.</msg>
<status status="PASS" starttime="20250530 13:08:56.168" endtime="20250530 13:08:56.283"/>
</kw>
<status status="PASS" starttime="20250530 13:08:56.168" endtime="20250530 13:08:56.283"/>
</kw>
<kw name="Click close button" library="ChangePasswordPageObject">
<kw name="Wait Until Element Is Visible" library="SeleniumLibrary">
<arg>${CLOSE_BUTTON}</arg>
<arg>timeout=2s</arg>
<doc>Waits until the element ``locator`` is visible.</doc>
<status status="PASS" starttime="20250530 13:08:56.284" endtime="20250530 13:08:56.364"/>
</kw>
<kw name="Click Element" library="SeleniumLibrary">
<arg>${CLOSE_BUTTON}</arg>
<doc>Click the element identified by ``locator``.</doc>
<msg timestamp="20250530 13:08:56.365" level="INFO">Clicking element 'class:close'.</msg>
<status status="PASS" starttime="20250530 13:08:56.365" endtime="20250530 13:08:56.420"/>
</kw>
<status status="PASS" starttime="20250530 13:08:56.284" endtime="20250530 13:08:56.420"/>
</kw>
<kw name="Click log out link" library="HeaderPageObject">
<kw name="Scroll Element Into View" library="SeleniumLibrary">
<arg>${LOG_OUT_LINK}</arg>
<doc>Scrolls the element identified by ``locator`` into view.</doc>
<status status="PASS" starttime="20250530 13:08:56.421" endtime="20250530 13:08:56.707"/>
</kw>
<kw name="Click Element" library="SeleniumLibrary">
<arg>${LOG_OUT_LINK}</arg>
<doc>Click the element identified by ``locator``.</doc>
<msg timestamp="20250530 13:08:56.708" level="INFO">Clicking element 'class:ico-logout'.</msg>
<status status="PASS" starttime="20250530 13:08:56.707" endtime="20250530 13:08:57.702"/>
</kw>
<status status="PASS" starttime="20250530 13:08:56.421" endtime="20250530 13:08:57.702"/>
</kw>
<kw name="Verify successful login with valid data" library="LoginPageObject">
<arg>${EMAIL_LOGIN}</arg>
<arg>${NEW_PASSWORD}</arg>
<arg>${LOG_OUT_TEXT}</arg>
<kw name="Login with email and password" library="LoginPageObject">
<arg>${EMAIL_LOGIN}</arg>
<arg>${VALID_PASSWORD_LOGIN}</arg>
<kw name="Click login link" library="HeaderPageObject">
<kw name="Click Element" library="SeleniumLibrary">
<arg>${LOGIN_LINK}</arg>
<doc>Click the element identified by ``locator``.</doc>
<msg timestamp="20250530 13:08:57.704" level="INFO">Clicking element 'class:ico-login'.</msg>
<status status="PASS" starttime="20250530 13:08:57.703" endtime="20250530 13:08:57.869"/>
</kw>
<status status="PASS" starttime="20250530 13:08:57.703" endtime="20250530 13:08:57.869"/>
</kw>
<kw name="Input email and password" library="LoginPageObject">
<arg>${EMAIL_LOGIN}</arg>
<arg>${PASSWORD_LOGIN}</arg>
<kw name="Create Dictionary" library="BuiltIn">
<var>${LOGIN_INFO}</var>
<arg>${EMAIL_TEXTBOX_LOCATOR}=${EMAIL}</arg>
<arg>${PASSWORD_TEXTBOX_LOCATOR}=${PASSWORD}</arg>
<doc>Creates and returns a dictionary based on the given ``items``.</doc>
<msg timestamp="20250530 13:08:57.870" level="INFO">${LOGIN_INFO} = {"xpath=//input[@id='Email']": 'duongnhu8048@gmail.com', "xpath=//input[@id='Password']": '09272139893'}</msg>
<status status="PASS" starttime="20250530 13:08:57.869" endtime="20250530 13:08:57.870"/>
</kw>
<for flavor="IN">
<var>${LOCATOR}</var>
<var>${DATA}</var>
<value>&amp;{LOGIN_INFO}</value>
<iter>
<var name="${LOCATOR}">xpath=//input[@id='Email']</var>
<var name="${DATA}">duongnhu8048@gmail.com</var>
<kw name="Input Text" library="SeleniumLibrary">
<arg>${LOCATOR}</arg>
<arg>${DATA}</arg>
<doc>Types the given ``text`` into the text field identified by ``locator``.</doc>
<msg timestamp="20250530 13:08:57.871" level="INFO">Typing text 'duongnhu8048@gmail.com' into text field 'xpath=//input[@id='Email']'.</msg>
<status status="PASS" starttime="20250530 13:08:57.870" endtime="20250530 13:08:57.959"/>
</kw>
<status status="PASS" starttime="20250530 13:08:57.870" endtime="20250530 13:08:57.959"/>
</iter>
<iter>
<var name="${LOCATOR}">xpath=//input[@id='Password']</var>
<var name="${DATA}">09272139893</var>
<kw name="Input Text" library="SeleniumLibrary">
<arg>${LOCATOR}</arg>
<arg>${DATA}</arg>
<doc>Types the given ``text`` into the text field identified by ``locator``.</doc>
<msg timestamp="20250530 13:08:57.960" level="INFO">Typing text '09272139893' into text field 'xpath=//input[@id='Password']'.</msg>
<status status="PASS" starttime="20250530 13:08:57.959" endtime="20250530 13:08:58.029"/>
</kw>
<status status="PASS" starttime="20250530 13:08:57.959" endtime="20250530 13:08:58.029"/>
</iter>
<status status="PASS" starttime="20250530 13:08:57.870" endtime="20250530 13:08:58.029"/>
</for>
<status status="PASS" starttime="20250530 13:08:57.869" endtime="20250530 13:08:58.029"/>
</kw>
<kw name="Click login button" library="LoginPageObject">
<kw name="Click Element" library="SeleniumLibrary">
<arg>${LOGIN_BUTTON_LOCATOR}</arg>
<doc>Click the element identified by ``locator``.</doc>
<msg timestamp="20250530 13:08:58.030" level="INFO">Clicking element 'class:login-button'.</msg>
<status status="PASS" starttime="20250530 13:08:58.030" endtime="20250530 13:08:58.149"/>
</kw>
<status status="PASS" starttime="20250530 13:08:58.030" endtime="20250530 13:08:58.149"/>
</kw>
<status status="PASS" starttime="20250530 13:08:57.703" endtime="20250530 13:08:58.149"/>
</kw>
<kw name="Verify login page redirects to home page" library="HomePageObject">
<arg>${LOG_OUT_TEXT}</arg>
<kw name="Page Should Contain" library="SeleniumLibrary">
<arg>${LOG_OUT_TEXT}</arg>
<doc>Verifies that current page contains ``text``.</doc>
<msg timestamp="20250530 13:08:58.208" level="INFO">Current page contains text 'Log out'.</msg>
<status status="PASS" starttime="20250530 13:08:58.150" endtime="20250530 13:08:58.208"/>
</kw>
<status status="PASS" starttime="20250530 13:08:58.150" endtime="20250530 13:08:58.208"/>
</kw>
<status status="PASS" starttime="20250530 13:08:57.703" endtime="20250530 13:08:58.208"/>
</kw>
<kw name="Click log out link" library="HeaderPageObject">
<kw name="Scroll Element Into View" library="SeleniumLibrary">
<arg>${LOG_OUT_LINK}</arg>
<doc>Scrolls the element identified by ``locator`` into view.</doc>
<status status="PASS" starttime="20250530 13:08:58.209" endtime="20250530 13:08:58.489"/>
</kw>
<kw name="Click Element" library="SeleniumLibrary">
<arg>${LOG_OUT_LINK}</arg>
<doc>Click the element identified by ``locator``.</doc>
<msg timestamp="20250530 13:08:58.490" level="INFO">Clicking element 'class:ico-logout'.</msg>
<status status="PASS" starttime="20250530 13:08:58.489" endtime="20250530 13:08:58.633"/>
</kw>
<status status="PASS" starttime="20250530 13:08:58.209" endtime="20250530 13:08:58.633"/>
</kw>
<kw name="Verify login fail with wrong password" library="LoginPageObject">
<arg>${EMAIL_LOGIN}</arg>
<arg>${PASSWORD}</arg>
<arg>${INVALID_LOGIN_TEXT_1}</arg>
<arg>${INVALID_LOGIN_TEXT_2}</arg>
<kw name="Login with email and password" library="LoginPageObject">
<arg>${EMAIL_LOGIN}</arg>
<arg>${INVALID_PASSWORD_LOGIN}</arg>
<kw name="Click login link" library="HeaderPageObject">
<kw name="Click Element" library="SeleniumLibrary">
<arg>${LOGIN_LINK}</arg>
<doc>Click the element identified by ``locator``.</doc>
<msg timestamp="20250530 13:08:58.635" level="INFO">Clicking element 'class:ico-login'.</msg>
<status status="PASS" starttime="20250530 13:08:58.635" endtime="20250530 13:08:58.779"/>
</kw>
<status status="PASS" starttime="20250530 13:08:58.634" endtime="20250530 13:08:58.779"/>
</kw>
<kw name="Input email and password" library="LoginPageObject">
<arg>${EMAIL_LOGIN}</arg>
<arg>${PASSWORD_LOGIN}</arg>
<kw name="Create Dictionary" library="BuiltIn">
<var>${LOGIN_INFO}</var>
<arg>${EMAIL_TEXTBOX_LOCATOR}=${EMAIL}</arg>
<arg>${PASSWORD_TEXTBOX_LOCATOR}=${PASSWORD}</arg>
<doc>Creates and returns a dictionary based on the given ``items``.</doc>
<msg timestamp="20250530 13:08:58.781" level="INFO">${LOGIN_INFO} = {"xpath=//input[@id='Email']": 'duongnhu8048@gmail.com', "xpath=//input[@id='Password']": '12345678@'}</msg>
<status status="PASS" starttime="20250530 13:08:58.780" endtime="20250530 13:08:58.781"/>
</kw>
<for flavor="IN">
<var>${LOCATOR}</var>
<var>${DATA}</var>
<value>&amp;{LOGIN_INFO}</value>
<iter>
<var name="${LOCATOR}">xpath=//input[@id='Email']</var>
<var name="${DATA}">duongnhu8048@gmail.com</var>
<kw name="Input Text" library="SeleniumLibrary">
<arg>${LOCATOR}</arg>
<arg>${DATA}</arg>
<doc>Types the given ``text`` into the text field identified by ``locator``.</doc>
<msg timestamp="20250530 13:08:58.782" level="INFO">Typing text 'duongnhu8048@gmail.com' into text field 'xpath=//input[@id='Email']'.</msg>
<status status="PASS" starttime="20250530 13:08:58.781" endtime="20250530 13:08:58.872"/>
</kw>
<status status="PASS" starttime="20250530 13:08:58.781" endtime="20250530 13:08:58.872"/>
</iter>
<iter>
<var name="${LOCATOR}">xpath=//input[@id='Password']</var>
<var name="${DATA}">12345678@</var>
<kw name="Input Text" library="SeleniumLibrary">
<arg>${LOCATOR}</arg>
<arg>${DATA}</arg>
<doc>Types the given ``text`` into the text field identified by ``locator``.</doc>
<msg timestamp="20250530 13:08:58.873" level="INFO">Typing text '12345678@' into text field 'xpath=//input[@id='Password']'.</msg>
<status status="PASS" starttime="20250530 13:08:58.872" endtime="20250530 13:08:58.940"/>
</kw>
<status status="PASS" starttime="20250530 13:08:58.872" endtime="20250530 13:08:58.940"/>
</iter>
<status status="PASS" starttime="20250530 13:08:58.781" endtime="20250530 13:08:58.940"/>
</for>
<status status="PASS" starttime="20250530 13:08:58.779" endtime="20250530 13:08:58.940"/>
</kw>
<kw name="Click login button" library="LoginPageObject">
<kw name="Click Element" library="SeleniumLibrary">
<arg>${LOGIN_BUTTON_LOCATOR}</arg>
<doc>Click the element identified by ``locator``.</doc>
<msg timestamp="20250530 13:08:58.941" level="INFO">Clicking element 'class:login-button'.</msg>
<status status="PASS" starttime="20250530 13:08:58.941" endtime="20250530 13:08:59.032"/>
</kw>
<status status="PASS" starttime="20250530 13:08:58.941" endtime="20250530 13:08:59.033"/>
</kw>
<status status="PASS" starttime="20250530 13:08:58.634" endtime="20250530 13:08:59.033"/>
</kw>
<kw name="Verify multiple error messages" library="LoginPageObject">
<arg>${INVALID_LOGIN_TEXT_1}</arg>
<arg>${INVALID_LOGIN_TEXT_2}</arg>
<kw name="Wait Until Element Is Visible" library="SeleniumLibrary">
<arg>${INVALID_LOGIN_MESSAGE_LOCATOR}</arg>
<arg>timeout=2s</arg>
<doc>Waits until the element ``locator`` is visible.</doc>
<status status="PASS" starttime="20250530 13:08:59.033" endtime="20250530 13:08:59.100"/>
</kw>
<kw name="Get Text" library="SeleniumLibrary">
<var>${ACTUAL_TEXT}</var>
<arg>${INVALID_LOGIN_MESSAGE_LOCATOR}</arg>
<doc>Returns the text value of the element identified by ``locator``.</doc>
<msg timestamp="20250530 13:08:59.114" level="INFO">${ACTUAL_TEXT} = Login was unsuccessful. Please correct the errors and try again.
The credentials provided are incorrect</msg>
<status status="PASS" starttime="20250530 13:08:59.100" endtime="20250530 13:08:59.114"/>
</kw>
<kw name="Should Contain" library="BuiltIn">
<arg>${ACTUAL_TEXT}</arg>
<arg>${INVALID_LOGIN_TEXT_1}</arg>
<doc>Fails if ``container`` does not contain ``item`` one or more times.</doc>
<status status="PASS" starttime="20250530 13:08:59.114" endtime="20250530 13:08:59.114"/>
</kw>
<kw name="Should Contain" library="BuiltIn">
<arg>${ACTUAL_TEXT}</arg>
<arg>${INVALID_LOGIN_TEXT_2}</arg>
<doc>Fails if ``container`` does not contain ``item`` one or more times.</doc>
<status status="PASS" starttime="20250530 13:08:59.115" endtime="20250530 13:08:59.115"/>
</kw>
<status status="PASS" starttime="20250530 13:08:59.033" endtime="20250530 13:08:59.115"/>
</kw>
<status status="PASS" starttime="20250530 13:08:58.634" endtime="20250530 13:08:59.115"/>
</kw>
<kw name="Finish TestCase" library="CommonPageObject" type="TEARDOWN">
<kw name="Close Browser" library="SeleniumLibrary">
<doc>Closes the current browser.</doc>
<status status="PASS" starttime="20250530 13:08:59.116" endtime="20250530 13:09:01.259"/>
</kw>
<status status="PASS" starttime="20250530 13:08:59.116" endtime="20250530 13:09:01.260"/>
</kw>
<doc>This test case verifies that password is changed successfully</doc>
<tag>Functional</tag>
<status status="PASS" starttime="20250530 13:08:50.653" endtime="20250530 13:09:01.260"/>
</test>
<test id="s1-t4" name="Verify that user can add a review on product page" line="76">
<kw name="Start TestCase" library="CommonPageObject" type="SETUP">
<kw name="Open Browser" library="SeleniumLibrary">
<arg>${url}</arg>
<arg>${browser}</arg>
<doc>Opens a new browser instance to the optional ``url``.</doc>
<msg timestamp="20250530 13:09:01.264" level="INFO">Opening browser 'chrome' to base url 'http://demo.nopcommerce/'.</msg>
<status status="PASS" starttime="20250530 13:09:01.263" endtime="20250530 13:09:03.626"/>
</kw>
<kw name="Maximize Browser Window" library="SeleniumLibrary">
<doc>Maximizes current browser window.</doc>
<status status="PASS" starttime="20250530 13:09:03.626" endtime="20250530 13:09:03.686"/>
</kw>
<status status="PASS" starttime="20250530 13:09:01.263" endtime="20250530 13:09:03.686"/>
</kw>
<kw name="Login with email and password" library="LoginPageObject">
<arg>${EMAIL_LOGIN}</arg>
<arg>${VALID_PASSWORD_LOGIN}</arg>
<kw name="Click login link" library="HeaderPageObject">
<kw name="Click Element" library="SeleniumLibrary">
<arg>${LOGIN_LINK}</arg>
<doc>Click the element identified by ``locator``.</doc>
<msg timestamp="20250530 13:09:03.689" level="INFO">Clicking element 'class:ico-login'.</msg>
<status status="PASS" starttime="20250530 13:09:03.688" endtime="20250530 13:09:04.089"/>
</kw>
<status status="PASS" starttime="20250530 13:09:03.688" endtime="20250530 13:09:04.089"/>
</kw>
<kw name="Input email and password" library="LoginPageObject">
<arg>${EMAIL_LOGIN}</arg>
<arg>${PASSWORD_LOGIN}</arg>
<kw name="Create Dictionary" library="BuiltIn">
<var>${LOGIN_INFO}</var>
<arg>${EMAIL_TEXTBOX_LOCATOR}=${EMAIL}</arg>
<arg>${PASSWORD_TEXTBOX_LOCATOR}=${PASSWORD}</arg>
<doc>Creates and returns a dictionary based on the given ``items``.</doc>
<msg timestamp="20250530 13:09:04.091" level="INFO">${LOGIN_INFO} = {"xpath=//input[@id='Email']": 'dnhu12@gmail.com', "xpath=//input[@id='Password']": 'dnhu12@gmail.com'}</msg>
<status status="PASS" starttime="20250530 13:09:04.090" endtime="20250530 13:09:04.091"/>
</kw>
<for flavor="IN">
<var>${LOCATOR}</var>
<var>${DATA}</var>
<value>&amp;{LOGIN_INFO}</value>
<iter>
<var name="${LOCATOR}">xpath=//input[@id='Email']</var>
<var name="${DATA}">dnhu12@gmail.com</var>
<kw name="Input Text" library="SeleniumLibrary">
<arg>${LOCATOR}</arg>
<arg>${DATA}</arg>
<doc>Types the given ``text`` into the text field identified by ``locator``.</doc>
<msg timestamp="20250530 13:09:04.092" level="INFO">Typing text 'dnhu12@gmail.com' into text field 'xpath=//input[@id='Email']'.</msg>
<status status="PASS" starttime="20250530 13:09:04.091" endtime="20250530 13:09:04.239"/>
</kw>
<status status="PASS" starttime="20250530 13:09:04.091" endtime="20250530 13:09:04.239"/>
</iter>
<iter>
<var name="${LOCATOR}">xpath=//input[@id='Password']</var>
<var name="${DATA}">dnhu12@gmail.com</var>
<kw name="Input Text" library="SeleniumLibrary">
<arg>${LOCATOR}</arg>
<arg>${DATA}</arg>
<doc>Types the given ``text`` into the text field identified by ``locator``.</doc>
<msg timestamp="20250530 13:09:04.240" level="INFO">Typing text 'dnhu12@gmail.com' into text field 'xpath=//input[@id='Password']'.</msg>
<status status="PASS" starttime="20250530 13:09:04.240" endtime="20250530 13:09:04.347"/>
</kw>
<status status="PASS" starttime="20250530 13:09:04.240" endtime="20250530 13:09:04.347"/>
</iter>
<status status="PASS" starttime="20250530 13:09:04.091" endtime="20250530 13:09:04.347"/>
</for>
<status status="PASS" starttime="20250530 13:09:04.090" endtime="20250530 13:09:04.347"/>
</kw>
<kw name="Click login button" library="LoginPageObject">
<kw name="Click Element" library="SeleniumLibrary">
<arg>${LOGIN_BUTTON_LOCATOR}</arg>
<doc>Click the element identified by ``locator``.</doc>
<msg timestamp="20250530 13:09:04.349" level="INFO">Clicking element 'class:login-button'.</msg>
<status status="PASS" starttime="20250530 13:09:04.348" endtime="20250530 13:09:04.526"/>
</kw>
<status status="PASS" starttime="20250530 13:09:04.348" endtime="20250530 13:09:04.527"/>
</kw>
<status status="PASS" starttime="20250530 13:09:03.687" endtime="20250530 13:09:04.527"/>
</kw>
<kw name="Click new products link" library="HeaderPageObject">
<kw name="Scroll Element Into View" library="SeleniumLibrary">
<arg>${NEW_PRODUCTS_LINK}</arg>
<doc>Scrolls the element identified by ``locator`` into view.</doc>
<status status="PASS" starttime="20250530 13:09:04.528" endtime="20250530 13:09:04.827"/>
</kw>
<kw name="Click Element" library="SeleniumLibrary">
<arg>${NEW_PRODUCTS_LINK}</arg>
<doc>Click the element identified by ``locator``.</doc>
<msg timestamp="20250530 13:09:04.827" level="INFO">Clicking element 'xpath=//div[@class='header-menu']//a[normalize-space(text())='Điện thoại']'.</msg>
<status status="PASS" starttime="20250530 13:09:04.827" endtime="20250530 13:09:05.103"/>
</kw>
<status status="PASS" starttime="20250530 13:09:04.528" endtime="20250530 13:09:05.103"/>
</kw>
<kw name="Select a product" library="NewProductsPageObject">
<kw name="Scroll Element Into View" library="SeleniumLibrary">
<arg>${PRODUCT_NAME_LINK}</arg>
<doc>Scrolls the element identified by ``locator`` into view.</doc>
<status status="PASS" starttime="20250530 13:09:05.104" endtime="20250530 13:09:05.405"/>
</kw>
<kw name="Wait Until Element Is Visible" library="SeleniumLibrary">
<arg>${PRODUCT_NAME_LINK}</arg>
<arg>5s</arg>
<doc>Waits until the element ``locator`` is visible.</doc>
<status status="PASS" starttime="20250530 13:09:05.405" endtime="20250530 13:09:05.427"/>
</kw>
<kw name="Click Element" library="SeleniumLibrary">
<arg>${PRODUCT_NAME_LINK}</arg>
<doc>Click the element identified by ``locator``.</doc>
<msg timestamp="20250530 13:09:05.428" level="INFO">Clicking element 'xpath=//a[text()='Motorola G60']'.</msg>
<status status="PASS" starttime="20250530 13:09:05.427" endtime="20250530 13:09:07.902"/>
</kw>
<status status="PASS" starttime="20250530 13:09:05.104" endtime="20250530 13:09:07.902"/>
</kw>
<kw name="Add a review" library="ProductsDetailPageObject">
<arg>${REVIEW_TITLE}</arg>
<arg>${REVIEW_TEXT}</arg>
<kw name="Scroll Element Into View" library="SeleniumLibrary">
<arg>${REVIEW_TITLE_TEXTBOX_LOCATOR}</arg>
<doc>Scrolls the element identified by ``locator`` into view.</doc>
<status status="PASS" starttime="20250530 13:09:07.903" endtime="20250530 13:09:08.186"/>
</kw>
<kw name="Create Dictionary" library="BuiltIn">
<var>${LIST_DATA}</var>
<arg>${REVIEW_TITLE_TEXTBOX_LOCATOR}=${REVIEW_TITLE}</arg>
<arg>${REVIEW_TEXT_TEXTBOX_LOCATOR}=${REVIEW_TEXT}</arg>
<doc>Creates and returns a dictionary based on the given ``items``.</doc>
<msg timestamp="20250530 13:09:08.187" level="INFO">${LIST_DATA} = {"xpath=//input[@class='review-title']": 'Giá cả phải chăng', "xpath=//textarea[@class='review-text']": 'Tôi rất hài lòng'}</msg>
<status status="PASS" starttime="20250530 13:09:08.187" endtime="20250530 13:09:08.187"/>
</kw>
<for flavor="IN">
<var>${TEXTBOX_FIELD}</var>
<var>${VALUE}</var>
<value>&amp;{LIST_DATA}</value>
<iter>
<var name="${TEXTBOX_FIELD}">xpath=//input[@class='review-title']</var>
<var name="${VALUE}">Giá cả phải chăng</var>
<kw name="Input Text" library="SeleniumLibrary">
<arg>${TEXTBOX_FIELD}</arg>
<arg>${VALUE}</arg>
<doc>Types the given ``text`` into the text field identified by ``locator``.</doc>
<msg timestamp="20250530 13:09:08.188" level="INFO">Typing text 'Giá cả phải chăng' into text field 'xpath=//input[@class='review-title']'.</msg>
<status status="PASS" starttime="20250530 13:09:08.188" endtime="20250530 13:09:08.315"/>
</kw>
<status status="PASS" starttime="20250530 13:09:08.187" endtime="20250530 13:09:08.315"/>
</iter>
<iter>
<var name="${TEXTBOX_FIELD}">xpath=//textarea[@class='review-text']</var>
<var name="${VALUE}">Tôi rất hài lòng</var>
<kw name="Input Text" library="SeleniumLibrary">
<arg>${TEXTBOX_FIELD}</arg>
<arg>${VALUE}</arg>
<doc>Types the given ``text`` into the text field identified by ``locator``.</doc>
<msg timestamp="20250530 13:09:08.316" level="INFO">Typing text 'Tôi rất hài lòng' into text field 'xpath=//textarea[@class='review-text']'.</msg>
<status status="PASS" starttime="20250530 13:09:08.316" endtime="20250530 13:09:08.409"/>
</kw>
<status status="PASS" starttime="20250530 13:09:08.315" endtime="20250530 13:09:08.409"/>
</iter>
<status status="PASS" starttime="20250530 13:09:08.187" endtime="20250530 13:09:08.409"/>
</for>
<kw name="Click Element" library="SeleniumLibrary">
<arg>${RATING_RADIO_CHECKBOX_LOCATOR}</arg>
<doc>Click the element identified by ``locator``.</doc>
<msg timestamp="20250530 13:09:08.410" level="INFO">Clicking element 'id:addproductrating_4'.</msg>
<status status="PASS" starttime="20250530 13:09:08.410" endtime="20250530 13:09:08.532"/>
</kw>
<status status="PASS" starttime="20250530 13:09:07.903" endtime="20250530 13:09:08.532"/>
</kw>
<kw name="Click submit review button" library="ProductsDetailPageObject">
<kw name="Click Element" library="SeleniumLibrary">
<arg>${SUBMIT_REVIEW_BUTTON_LOCATOR}</arg>
<doc>Click the element identified by ``locator``.</doc>
<msg timestamp="20250530 13:09:08.533" level="INFO">Clicking element 'id:add-review'.</msg>
<status status="PASS" starttime="20250530 13:09:08.532" endtime="20250530 13:09:08.755"/>
</kw>
<status status="PASS" starttime="20250530 13:09:08.532" endtime="20250530 13:09:08.755"/>
</kw>
<kw name="Verify a review is added" library="ProductsDetailPageObject">
<arg>${ADD_REVIEW_SUCCESS_TEXT}</arg>
<arg>${REVIEW_TITLE}</arg>
<arg>${REVIEW_TEXT}</arg>
<kw name="Page Should Contain" library="SeleniumLibrary">
<arg>${ADD_REVIEW_SUCCESS_TEXT}</arg>
<arg>${REVIEW_TITLE}</arg>
<doc>Verifies that current page contains ``text``.</doc>
<msg timestamp="20250530 13:09:09.036" level="INFO">Current page contains text 'Product review is successfully added.'.</msg>
<status status="PASS" starttime="20250530 13:09:08.756" endtime="20250530 13:09:09.036"/>
</kw>
<kw name="Page Should Contain" library="SeleniumLibrary">
<arg>${REVIEW_TEXT}</arg>
<doc>Verifies that current page contains ``text``.</doc>
<msg timestamp="20250530 13:09:09.058" level="INFO">Current page contains text 'Tôi rất hài lòng'.</msg>
<status status="PASS" starttime="20250530 13:09:09.036" endtime="20250530 13:09:09.058"/>
</kw>
<status status="PASS" starttime="20250530 13:09:08.756" endtime="20250530 13:09:09.058"/>
</kw>
<kw name="Finish TestCase" library="CommonPageObject" type="TEARDOWN">
<kw name="Close Browser" library="SeleniumLibrary">
<doc>Closes the current browser.</doc>
<status status="PASS" starttime="20250530 13:09:09.059" endtime="20250530 13:09:11.192"/>
</kw>
<status status="PASS" starttime="20250530 13:09:09.058" endtime="20250530 13:09:11.192"/>
</kw>
<doc>This test case verifies that user can add a review on product page successfully</doc>
<tag>Functional</tag>
<status status="PASS" starttime="20250530 13:09:01.262" endtime="20250530 13:09:11.193"/>
</test>
<doc>Login Functionality of NopCommerce</doc>
<status status="PASS" starttime="20250530 13:08:34.650" endtime="20250530 13:09:11.195"/>
</suite>
<statistics>
<total>
<stat pass="4" fail="0" skip="0">All Tests</stat>
</total>
<tag>
<stat pass="4" fail="0" skip="0">Functional</stat>
</tag>
<suite>
<stat pass="4" fail="0" skip="0" id="s1" name="Verify my account functionality">Verify my account functionality</stat>
</suite>
</statistics>
<errors>
</errors>
</robot>
